<?xml version="1.0" encoding="UTF-8"?>
<testsuites name="nextest-run" tests="1801" failures="7" errors="0" uuid="9476cd91-ebbb-4142-b099-e10168d2717e" timestamp="2025-08-01T18:07:51.855-04:00" time="563.642">
    <testsuite name="kcl-bumper::bin/kcl-bumper" tests="3" disabled="0" errors="0" failures="0">
        <testcase name="tests::test_bump_minor" classname="kcl-bumper::bin/kcl-bumper" timestamp="2025-08-01T18:07:51.857-04:00" time="0.005">
        </testcase>
        <testcase name="tests::test_bump_major" classname="kcl-bumper::bin/kcl-bumper" timestamp="2025-08-01T18:07:51.857-04:00" time="0.005">
        </testcase>
        <testcase name="tests::test_bump_patch" classname="kcl-bumper::bin/kcl-bumper" timestamp="2025-08-01T18:07:51.857-04:00" time="0.005">
        </testcase>
    </testsuite>
    <testsuite name="kcl-lib" tests="1689" disabled="0" errors="0" failures="6">
        <testcase name="coredump::export_bindings_webrtcstats" classname="kcl-lib" timestamp="2025-08-01T18:07:51.857-04:00" time="0.017">
        </testcase>
        <testcase name="coredump::export_bindings_osinfo" classname="kcl-lib" timestamp="2025-08-01T18:07:51.857-04:00" time="0.025">
        </testcase>
        <testcase name="coredump::export_bindings_coredumpinfo" classname="kcl-lib" timestamp="2025-08-01T18:07:51.857-04:00" time="0.040">
        </testcase>
        <testcase name="docs::gen_std_tests::test_generate_stdlib_markdown_docs" classname="kcl-lib" timestamp="2025-08-01T18:07:51.857-04:00" time="1.472">
            <failure message="thread &apos;docs::gen_std_tests::test_generate_stdlib_markdown_docs&apos; panicked at kcl-lib/src/docs/gen_std_tests.rs:337:5" type="test failure with exit code 101">thread &apos;docs::gen_std_tests::test_generate_stdlib_markdown_docs&apos; panicked at kcl-lib/src/docs/gen_std_tests.rs:337:5:
assertion failed: string doesn&apos;t match the contents of file: &quot;../../docs/kcl-std/functions/std-sketch-ellipse.md&quot; see diffset above
                set EXPECTORATE=overwrite if these changes are intentional
note: run with `RUST_BACKTRACE=1` environment variable to display a backtrace</failure>
            <system-out>
running 1 test
@@ -9,12 +9,13 @@
 
 ```kcl
 ellipse(
   @sketchOrSurface: Sketch | Plane | Face,
   center: Point2d,
-  majorRadius: number(Length),
   minorRadius: number(Length),
+  majorRadius?: number(Length),
+  majorAxis?: Point2d,
   tag?: tag,
 ): Sketch
 ```
 
 
@@ -23,12 +24,13 @@
 
 | Name | Type | Description | Required |
 |----------|------|-------------|----------|
 | `sketchOrSurface` | [`Sketch`](/docs/kcl-std/types/std-types-Sketch) or [`Plane`](/docs/kcl-std/types/std-types-Plane) or [`Face`](/docs/kcl-std/types/std-types-Face) | Sketch to extend, or plane or surface to sketch on. | Yes |
 | `center` | [`Point2d`](/docs/kcl-std/types/std-types-Point2d) | The center of the ellipse. | Yes |
-| `majorRadius` | [`number(Length)`](/docs/kcl-std/types/std-types-number) | The major radius of the ellipse. | Yes |
 | `minorRadius` | [`number(Length)`](/docs/kcl-std/types/std-types-number) | The minor radius of the ellipse. | Yes |
+| `majorRadius` | [`number(Length)`](/docs/kcl-std/types/std-types-number) | The major radius of the ellipse. Equivalent to majorAxis = [majorRadius, 0]. | No |
+| `majorAxis` | [`Point2d`](/docs/kcl-std/types/std-types-Point2d) | The major axis of the ellipse. | No |
 | `tag` | `tag` | Create a new tag which refers to this ellipse. | No |
 
 ### Returns
 
 [`Sketch`](/docs/kcl-std/types/std-types-Sketch) - A sketch is a collection of paths.

test docs::gen_std_tests::test_generate_stdlib_markdown_docs ... FAILED

failures:

failures:
    docs::gen_std_tests::test_generate_stdlib_markdown_docs

test result: FAILED. 0 passed; 1 failed; 0 ignored; 0 measured; 1697 filtered out; finished in 1.46s

</system-out>
            <system-err>
thread &apos;docs::gen_std_tests::test_generate_stdlib_markdown_docs&apos; panicked at kcl-lib/src/docs/gen_std_tests.rs:337:5:
assertion failed: string doesn&apos;t match the contents of file: &quot;../../docs/kcl-std/functions/std-sketch-ellipse.md&quot; see diffset above
                set EXPECTORATE=overwrite if these changes are intentional
note: run with `RUST_BACKTRACE=1` environment variable to display a backtrace
</system-err>
        </testcase>
        <testcase name="docs::kcl_doc::test::kcl_test_examples_std_appearance_hexString_0" classname="kcl-lib" timestamp="2025-08-01T18:07:51.857-04:00" time="2.541">
        </testcase>
        <testcase name="docs::kcl_doc::test::kcl_test_examples_std_array_concat_0" classname="kcl-lib" timestamp="2025-08-01T18:07:51.897-04:00" time="2.651">
        </testcase>
        <testcase name="docs::kcl_doc::test::kcl_test_examples_std_appearance_hexString_1" classname="kcl-lib" timestamp="2025-08-01T18:07:51.857-04:00" time="3.260">
        </testcase>
        <testcase name="docs::gen_std_tests::test_code_in_topics" classname="kcl-lib" timestamp="2025-08-01T18:07:51.857-04:00" time="3.563">
        </testcase>
        <testcase name="docs::kcl_doc::test::kcl_test_examples_std_appearance_hexString_2" classname="kcl-lib" timestamp="2025-08-01T18:07:51.872-04:00" time="4.917">
        </testcase>
        <testcase name="docs::kcl_doc::test::kcl_test_examples_std_array_concat_1" classname="kcl-lib" timestamp="2025-08-01T18:07:54.398-04:00" time="2.489">
        </testcase>
        <testcase name="docs::kcl_doc::test::kcl_test_examples_std_array_count_0" classname="kcl-lib" timestamp="2025-08-01T18:07:54.548-04:00" time="2.484">
        </testcase>
        <testcase name="docs::kcl_doc::test::kcl_test_examples_std_array_map_0" classname="kcl-lib" timestamp="2025-08-01T18:07:55.118-04:00" time="2.514">
        </testcase>
        <testcase name="docs::kcl_doc::test::kcl_test_examples_std_array_map_1" classname="kcl-lib" timestamp="2025-08-01T18:07:55.421-04:00" time="2.380">
        </testcase>
        <testcase name="docs::kcl_doc::test::kcl_test_examples_std_appearance_hexString_3" classname="kcl-lib" timestamp="2025-08-01T18:07:51.874-04:00" time="7.287">
        </testcase>
        <testcase name="docs::kcl_doc::test::kcl_test_examples_std_array_pop_0" classname="kcl-lib" timestamp="2025-08-01T18:07:56.789-04:00" time="2.411">
        </testcase>
        <testcase name="docs::kcl_doc::test::kcl_test_examples_std_array_push_0" classname="kcl-lib" timestamp="2025-08-01T18:07:56.888-04:00" time="2.399">
        </testcase>
        <testcase name="docs::kcl_doc::test::kcl_test_examples_std_array_reduce_0" classname="kcl-lib" timestamp="2025-08-01T18:07:57.033-04:00" time="2.586">
        </testcase>
        <testcase name="docs::kcl_doc::test::kcl_test_examples_std_array_reduce_1" classname="kcl-lib" timestamp="2025-08-01T18:07:57.632-04:00" time="2.329">
        </testcase>
        <testcase name="docs::kcl_doc::test::kcl_test_examples_std_array_reduce_2" classname="kcl-lib" timestamp="2025-08-01T18:07:57.801-04:00" time="2.533">
        </testcase>
        <testcase name="docs::kcl_doc::test::kcl_test_examples_std_clone_0" classname="kcl-lib" timestamp="2025-08-01T18:07:59.162-04:00" time="2.533">
        </testcase>
        <testcase name="docs::kcl_doc::test::kcl_test_examples_std_clone_1" classname="kcl-lib" timestamp="2025-08-01T18:07:59.200-04:00" time="2.807">
        </testcase>
        <testcase name="docs::kcl_doc::test::kcl_test_examples_std_clone_2" classname="kcl-lib" timestamp="2025-08-01T18:07:59.287-04:00" time="2.869">
        </testcase>
        <testcase name="docs::kcl_doc::test::kcl_test_examples_std_clone_4" classname="kcl-lib" timestamp="2025-08-01T18:07:59.962-04:00" time="2.632">
        </testcase>
        <testcase name="docs::kcl_doc::test::kcl_test_examples_std_clone_3" classname="kcl-lib" timestamp="2025-08-01T18:07:59.619-04:00" time="3.151">
        </testcase>
        <testcase name="docs::kcl_doc::test::kcl_test_examples_std_clone_5" classname="kcl-lib" timestamp="2025-08-01T18:08:00.334-04:00" time="2.813">
        </testcase>
        <testcase name="docs::kcl_doc::test::kcl_test_examples_std_clone_6" classname="kcl-lib" timestamp="2025-08-01T18:08:01.695-04:00" time="2.873">
        </testcase>
        <testcase name="docs::kcl_doc::test::kcl_test_examples_std_clone_7" classname="kcl-lib" timestamp="2025-08-01T18:08:02.008-04:00" time="2.684">
        </testcase>
        <testcase name="docs::kcl_doc::test::kcl_test_examples_std_clone_8" classname="kcl-lib" timestamp="2025-08-01T18:08:02.155-04:00" time="2.994">
        </testcase>
        <testcase name="docs::kcl_doc::test::kcl_test_examples_std_clone_9" classname="kcl-lib" timestamp="2025-08-01T18:08:02.594-04:00" time="2.657">
        </testcase>
        <testcase name="docs::kcl_doc::test::kcl_test_examples_std_helix_0" classname="kcl-lib" timestamp="2025-08-01T18:08:02.770-04:00" time="2.989">
        </testcase>
        <testcase name="docs::kcl_doc::test::kcl_test_examples_std_helix_1" classname="kcl-lib" timestamp="2025-08-01T18:08:03.147-04:00" time="3.213">
        </testcase>
        <testcase name="docs::kcl_doc::test::kcl_test_examples_std_helix_3" classname="kcl-lib" timestamp="2025-08-01T18:08:04.692-04:00" time="2.445">
        </testcase>
        <testcase name="docs::kcl_doc::test::kcl_test_examples_std_helix_2" classname="kcl-lib" timestamp="2025-08-01T18:08:04.568-04:00" time="2.928">
        </testcase>
        <testcase name="docs::kcl_doc::test::kcl_test_examples_std_math_abs_0" classname="kcl-lib" timestamp="2025-08-01T18:08:05.149-04:00" time="2.508">
        </testcase>
        <testcase name="docs::kcl_doc::test::kcl_test_examples_std_math_acos_0" classname="kcl-lib" timestamp="2025-08-01T18:08:05.251-04:00" time="2.465">
        </testcase>
        <testcase name="docs::kcl_doc::test::kcl_test_examples_std_math_asin_0" classname="kcl-lib" timestamp="2025-08-01T18:08:05.759-04:00" time="2.722">
        </testcase>
        <testcase name="docs::kcl_doc::test::kcl_test_examples_std_math_atan_0" classname="kcl-lib" timestamp="2025-08-01T18:08:07.137-04:00" time="1.406">
        </testcase>
        <testcase name="docs::kcl_doc::test::kcl_test_examples_std_math_atan2_0" classname="kcl-lib" timestamp="2025-08-01T18:08:06.360-04:00" time="2.575">
        </testcase>
        <testcase name="docs::kcl_doc::test::kcl_test_examples_std_math_legAngX_0" classname="kcl-lib" timestamp="2025-08-01T18:08:08.481-04:00" time="1.347">
        </testcase>
        <testcase name="docs::kcl_doc::test::kcl_test_examples_std_math_legAngY_0" classname="kcl-lib" timestamp="2025-08-01T18:08:08.543-04:00" time="1.306">
        </testcase>
        <testcase name="docs::kcl_doc::test::kcl_test_examples_std_math_ceil_0" classname="kcl-lib" timestamp="2025-08-01T18:08:07.496-04:00" time="2.479">
        </testcase>
        <testcase name="docs::kcl_doc::test::kcl_test_examples_std_math_cos_0" classname="kcl-lib" timestamp="2025-08-01T18:08:07.658-04:00" time="2.433">
        </testcase>
        <testcase name="docs::kcl_doc::test::kcl_test_examples_std_math_legLen_0" classname="kcl-lib" timestamp="2025-08-01T18:08:08.935-04:00" time="1.486">
        </testcase>
        <testcase name="docs::kcl_doc::test::kcl_test_examples_std_math_floor_0" classname="kcl-lib" timestamp="2025-08-01T18:08:07.716-04:00" time="2.767">
        </testcase>
        <testcase name="docs::kcl_doc::test::kcl_test_examples_std_math_log10_0" classname="kcl-lib" timestamp="2025-08-01T18:08:09.849-04:00" time="2.452">
        </testcase>
        <testcase name="docs::kcl_doc::test::kcl_test_examples_std_math_log2_0" classname="kcl-lib" timestamp="2025-08-01T18:08:09.975-04:00" time="2.394">
        </testcase>
        <testcase name="docs::kcl_doc::test::kcl_test_examples_std_math_ln_0" classname="kcl-lib" timestamp="2025-08-01T18:08:09.828-04:00" time="2.920">
        </testcase>
        <testcase name="docs::kcl_doc::test::kcl_test_examples_std_math_log_0" classname="kcl-lib" timestamp="2025-08-01T18:08:10.091-04:00" time="2.661">
        </testcase>
        <testcase name="docs::kcl_doc::test::kcl_test_examples_std_math_max_0" classname="kcl-lib" timestamp="2025-08-01T18:08:10.421-04:00" time="2.484">
        </testcase>
        <testcase name="docs::kcl_doc::test::kcl_test_examples_std_math_min_0" classname="kcl-lib" timestamp="2025-08-01T18:08:10.483-04:00" time="2.506">
        </testcase>
        <testcase name="docs::kcl_doc::test::kcl_test_examples_std_math_polar_0" classname="kcl-lib" timestamp="2025-08-01T18:08:12.301-04:00" time="2.490">
        </testcase>
        <testcase name="docs::kcl_doc::test::kcl_test_examples_std_math_pow_0" classname="kcl-lib" timestamp="2025-08-01T18:08:12.369-04:00" time="2.544">
        </testcase>
        <testcase name="docs::kcl_doc::test::kcl_test_examples_std_math_round_0" classname="kcl-lib" timestamp="2025-08-01T18:08:12.751-04:00" time="2.499">
        </testcase>
        <testcase name="docs::kcl_doc::test::kcl_test_examples_std_math_rem_0" classname="kcl-lib" timestamp="2025-08-01T18:08:12.748-04:00" time="2.531">
        </testcase>
        <testcase name="docs::kcl_doc::test::kcl_test_examples_std_math_sin_0" classname="kcl-lib" timestamp="2025-08-01T18:08:12.905-04:00" time="2.596">
        </testcase>
        <testcase name="docs::kcl_doc::test::kcl_test_examples_std_math_sqrt_0" classname="kcl-lib" timestamp="2025-08-01T18:08:12.989-04:00" time="2.714">
        </testcase>
        <testcase name="docs::kcl_doc::test::kcl_test_examples_std_math_tan_0" classname="kcl-lib" timestamp="2025-08-01T18:08:14.792-04:00" time="2.640">
        </testcase>
        <testcase name="docs::kcl_doc::test::kcl_test_examples_std_offsetPlane_0" classname="kcl-lib" timestamp="2025-08-01T18:08:14.914-04:00" time="2.713">
        </testcase>
        <testcase name="docs::kcl_doc::test::kcl_test_examples_std_offsetPlane_1" classname="kcl-lib" timestamp="2025-08-01T18:08:15.251-04:00" time="2.529">
        </testcase>
        <testcase name="docs::kcl_doc::test::kcl_test_examples_std_offsetPlane_2" classname="kcl-lib" timestamp="2025-08-01T18:08:15.280-04:00" time="2.617">
        </testcase>
        <testcase name="docs::kcl_doc::test::kcl_test_examples_std_offsetPlane_3" classname="kcl-lib" timestamp="2025-08-01T18:08:15.501-04:00" time="2.485">
        </testcase>
        <testcase name="docs::kcl_doc::test::kcl_test_examples_std_offsetPlane_4" classname="kcl-lib" timestamp="2025-08-01T18:08:15.703-04:00" time="2.404">
        </testcase>
        <testcase name="docs::kcl_doc::test::kcl_test_examples_std_sketch_angledLine_0" classname="kcl-lib" timestamp="2025-08-01T18:08:17.627-04:00" time="2.602">
        </testcase>
        <testcase name="docs::kcl_doc::test::kcl_test_examples_std_sketch_angledLineThatIntersects_0" classname="kcl-lib" timestamp="2025-08-01T18:08:17.431-04:00" time="2.834">
        </testcase>
        <testcase name="docs::kcl_doc::test::kcl_test_examples_std_sketch_arc_0" classname="kcl-lib" timestamp="2025-08-01T18:08:17.781-04:00" time="2.487">
        </testcase>
        <testcase name="docs::kcl_doc::test::kcl_test_examples_std_sketch_bezierCurve_0" classname="kcl-lib" timestamp="2025-08-01T18:08:17.986-04:00" time="2.490">
        </testcase>
        <testcase name="docs::kcl_doc::test::kcl_test_examples_std_sketch_arc_1" classname="kcl-lib" timestamp="2025-08-01T18:08:17.897-04:00" time="2.614">
        </testcase>
        <testcase name="docs::kcl_doc::test::kcl_test_examples_std_sketch_bezierCurve_1" classname="kcl-lib" timestamp="2025-08-01T18:08:18.107-04:00" time="2.463">
        </testcase>
        <testcase name="docs::kcl_doc::test::kcl_test_examples_std_sketch_circleThreePoint_0" classname="kcl-lib" timestamp="2025-08-01T18:08:20.229-04:00" time="2.481">
        </testcase>
        <testcase name="docs::kcl_doc::test::kcl_test_examples_std_sketch_circle_1" classname="kcl-lib" timestamp="2025-08-01T18:08:20.268-04:00" time="2.577">
        </testcase>
        <testcase name="docs::kcl_doc::test::kcl_test_examples_std_sketch_close_1" classname="kcl-lib" timestamp="2025-08-01T18:08:20.512-04:00" time="2.391">
        </testcase>
        <testcase name="docs::kcl_doc::test::kcl_test_examples_std_sketch_circle_0" classname="kcl-lib" timestamp="2025-08-01T18:08:20.265-04:00" time="2.778">
        </testcase>
        <testcase name="docs::kcl_doc::test::kcl_test_examples_std_sketch_close_0" classname="kcl-lib" timestamp="2025-08-01T18:08:20.476-04:00" time="2.743">
        </testcase>
        <testcase name="docs::kcl_doc::test::kcl_test_examples_std_sketch_conic_0" classname="kcl-lib" timestamp="2025-08-01T18:08:20.570-04:00" time="2.743">
        </testcase>
        <testcase name="docs::kcl_doc::test::kcl_test_examples_std_sketch_ellipticPoint_0" classname="kcl-lib" timestamp="2025-08-01T18:08:22.845-04:00" time="2.675">
        </testcase>
        <testcase name="docs::kcl_doc::test::kcl_test_examples_std_sketch_extrude_0" classname="kcl-lib" timestamp="2025-08-01T18:08:23.043-04:00" time="2.631">
        </testcase>
        <testcase name="docs::kcl_doc::test::kcl_test_examples_std_sketch_extrude_1" classname="kcl-lib" timestamp="2025-08-01T18:08:23.219-04:00" time="2.601">
        </testcase>
        <testcase name="docs::kcl_doc::test::kcl_test_examples_std_sketch_extrude_2" classname="kcl-lib" timestamp="2025-08-01T18:08:23.314-04:00" time="2.681">
        </testcase>
        <testcase name="docs::kcl_doc::test::kcl_test_examples_std_sketch_extrude_3" classname="kcl-lib" timestamp="2025-08-01T18:08:25.520-04:00" time="2.574">
        </testcase>
        <testcase name="docs::kcl_doc::test::kcl_test_examples_std_sketch_extrude_4" classname="kcl-lib" timestamp="2025-08-01T18:08:25.674-04:00" time="2.795">
        </testcase>
        <testcase name="docs::kcl_doc::test::kcl_test_examples_std_sketch_extrude_5" classname="kcl-lib" timestamp="2025-08-01T18:08:25.820-04:00" time="2.714">
        </testcase>
        <testcase name="docs::kcl_doc::test::kcl_test_examples_std_sketch_getCommonEdge_0" classname="kcl-lib" timestamp="2025-08-01T18:08:25.995-04:00" time="2.663">
        </testcase>
        <testcase name="docs::kcl_doc::test::kcl_test_examples_std_sketch_getNextAdjacentEdge_0" classname="kcl-lib" timestamp="2025-08-01T18:08:28.095-04:00" time="2.676">
        </testcase>
        <testcase name="docs::kcl_doc::test::kcl_test_examples_std_sketch_getOppositeEdge_0" classname="kcl-lib" timestamp="2025-08-01T18:08:28.469-04:00" time="2.708">
        </testcase>
        <testcase name="docs::kcl_doc::test::kcl_test_examples_std_sketch_getPreviousAdjacentEdge_0" classname="kcl-lib" timestamp="2025-08-01T18:08:28.535-04:00" time="2.672">
        </testcase>
        <testcase name="docs::kcl_doc::test::kcl_test_examples_std_sketch_hyperbolicPoint_0" classname="kcl-lib" timestamp="2025-08-01T18:08:28.657-04:00" time="2.569">
        </testcase>
        <testcase name="docs::kcl_doc::test::kcl_test_examples_std_sketch_hyperbolic_0" classname="kcl-lib" timestamp="2025-08-01T18:08:30.771-04:00" time="2.386">
        </testcase>
        <testcase name="docs::kcl_doc::test::kcl_test_examples_std_sketch_involuteCircular_0" classname="kcl-lib" timestamp="2025-08-01T18:08:31.177-04:00" time="2.494">
        </testcase>
        <testcase name="docs::kcl_doc::test::kcl_test_examples_std_sketch_lastSegY_0" classname="kcl-lib" timestamp="2025-08-01T18:08:31.227-04:00" time="2.489">
        </testcase>
        <testcase name="docs::kcl_doc::test::kcl_test_examples_std_sketch_lastSegX_0" classname="kcl-lib" timestamp="2025-08-01T18:08:31.207-04:00" time="2.578">
        </testcase>
        <testcase name="docs::kcl_doc::test::kcl_test_examples_std_sketch_line_0" classname="kcl-lib" timestamp="2025-08-01T18:08:33.157-04:00" time="2.470">
        </testcase>
        <testcase name="docs::kcl_doc::test::kcl_test_examples_std_sketch_loft_0" classname="kcl-lib" timestamp="2025-08-01T18:08:33.671-04:00" time="2.648">
        </testcase>
        <testcase name="docs::kcl_doc::test::kcl_test_examples_std_sketch_loft_1" classname="kcl-lib" timestamp="2025-08-01T18:08:33.716-04:00" time="2.604">
        </testcase>
        <testcase name="docs::kcl_doc::test::kcl_test_examples_std_sketch_loft_2" classname="kcl-lib" timestamp="2025-08-01T18:08:33.786-04:00" time="2.598">
        </testcase>
        <testcase name="docs::kcl_doc::test::kcl_test_examples_std_sketch_parabolicPoint_0" classname="kcl-lib" timestamp="2025-08-01T18:08:35.627-04:00" time="2.353">
        </testcase>
        <testcase name="docs::kcl_doc::test::kcl_test_examples_std_sketch_parabolic_0" classname="kcl-lib" timestamp="2025-08-01T18:08:36.319-04:00" time="2.395">
        </testcase>
        <testcase name="docs::kcl_doc::test::kcl_test_examples_std_sketch_patternLinear2d_0" classname="kcl-lib" timestamp="2025-08-01T18:08:36.384-04:00" time="3.066">
        </testcase>
        <testcase name="docs::kcl_doc::test::kcl_test_examples_std_sketch_patternCircular2d_0" classname="kcl-lib" timestamp="2025-08-01T18:08:36.319-04:00" time="3.160">
        </testcase>
        <testcase name="docs::kcl_doc::test::kcl_test_examples_std_sketch_patternLinear2d_1" classname="kcl-lib" timestamp="2025-08-01T18:08:37.981-04:00" time="2.731">
        </testcase>
        <testcase name="docs::kcl_doc::test::kcl_test_examples_std_sketch_patternTransform2d_0" classname="kcl-lib" timestamp="2025-08-01T18:08:38.714-04:00" time="2.484">
        </testcase>
        <testcase name="docs::kcl_doc::test::kcl_test_examples_std_sketch_polygon_0" classname="kcl-lib" timestamp="2025-08-01T18:08:39.480-04:00" time="2.417">
        </testcase>
        <testcase name="docs::kcl_doc::test::kcl_test_examples_std_sketch_planeOf_0" classname="kcl-lib" timestamp="2025-08-01T18:08:39.450-04:00" time="2.637">
        </testcase>
        <testcase name="docs::kcl_doc::test::kcl_test_examples_std_sketch_polygon_1" classname="kcl-lib" timestamp="2025-08-01T18:08:40.711-04:00" time="2.728">
        </testcase>
        <testcase name="docs::kcl_doc::test::kcl_test_examples_std_sketch_profileStartX_0" classname="kcl-lib" timestamp="2025-08-01T18:08:41.199-04:00" time="2.255">
        </testcase>
        <testcase name="docs::kcl_doc::test::kcl_test_examples_std_sketch_profileStartY_0" classname="kcl-lib" timestamp="2025-08-01T18:08:41.897-04:00" time="2.567">
        </testcase>
        <testcase name="docs::kcl_doc::test::kcl_test_examples_std_sketch_profileStart_0" classname="kcl-lib" timestamp="2025-08-01T18:08:42.087-04:00" time="2.417">
        </testcase>
        <testcase name="docs::kcl_doc::test::kcl_test_examples_std_sketch_rectangle_0" classname="kcl-lib" timestamp="2025-08-01T18:08:43.439-04:00" time="2.410">
        </testcase>
        <testcase name="docs::kcl_doc::test::kcl_test_examples_std_sketch_rectangle_1" classname="kcl-lib" timestamp="2025-08-01T18:08:43.453-04:00" time="2.518">
        </testcase>
        <testcase name="docs::kcl_doc::test::kcl_test_examples_std_sketch_revolve_1" classname="kcl-lib" timestamp="2025-08-01T18:08:44.505-04:00" time="2.462">
        </testcase>
        <testcase name="docs::kcl_doc::test::kcl_test_examples_std_sketch_revolve_0" classname="kcl-lib" timestamp="2025-08-01T18:08:44.465-04:00" time="2.605">
        </testcase>
        <testcase name="docs::kcl_doc::test::kcl_test_examples_std_sketch_revolve_10" classname="kcl-lib" timestamp="2025-08-01T18:08:45.850-04:00" time="2.439">
        </testcase>
        <testcase name="docs::kcl_doc::test::kcl_test_examples_std_sketch_revolve_11" classname="kcl-lib" timestamp="2025-08-01T18:08:45.971-04:00" time="2.478">
        </testcase>
        <testcase name="docs::kcl_doc::test::kcl_test_examples_std_sketch_revolve_12" classname="kcl-lib" timestamp="2025-08-01T18:08:46.966-04:00" time="2.624">
        </testcase>
        <testcase name="docs::kcl_doc::test::kcl_test_examples_std_sketch_revolve_2" classname="kcl-lib" timestamp="2025-08-01T18:08:47.070-04:00" time="2.629">
        </testcase>
        <testcase name="docs::kcl_doc::test::kcl_test_examples_std_sketch_revolve_3" classname="kcl-lib" timestamp="2025-08-01T18:08:48.289-04:00" time="2.607">
        </testcase>
        <testcase name="docs::kcl_doc::test::kcl_test_examples_std_sketch_revolve_4" classname="kcl-lib" timestamp="2025-08-01T18:08:48.449-04:00" time="2.700">
        </testcase>
        <testcase name="docs::kcl_doc::test::kcl_test_examples_std_sketch_revolve_5" classname="kcl-lib" timestamp="2025-08-01T18:08:49.590-04:00" time="2.577">
        </testcase>
        <testcase name="docs::kcl_doc::test::kcl_test_examples_std_sketch_revolve_6" classname="kcl-lib" timestamp="2025-08-01T18:08:49.699-04:00" time="2.570">
        </testcase>
        <testcase name="docs::kcl_doc::test::kcl_test_examples_std_sketch_revolve_7" classname="kcl-lib" timestamp="2025-08-01T18:08:50.896-04:00" time="2.572">
        </testcase>
        <testcase name="docs::kcl_doc::test::kcl_test_examples_std_sketch_revolve_8" classname="kcl-lib" timestamp="2025-08-01T18:08:51.149-04:00" time="2.691">
        </testcase>
        <testcase name="docs::kcl_doc::test::kcl_test_examples_std_sketch_revolve_9" classname="kcl-lib" timestamp="2025-08-01T18:08:52.167-04:00" time="2.455">
        </testcase>
        <testcase name="docs::kcl_doc::test::kcl_test_examples_std_sketch_segAng_0" classname="kcl-lib" timestamp="2025-08-01T18:08:52.269-04:00" time="2.469">
        </testcase>
        <testcase name="docs::kcl_doc::test::kcl_test_examples_std_sketch_segEndX_0" classname="kcl-lib" timestamp="2025-08-01T18:08:53.468-04:00" time="2.713">
        </testcase>
        <testcase name="docs::kcl_doc::test::kcl_test_examples_std_sketch_segEndY_0" classname="kcl-lib" timestamp="2025-08-01T18:08:53.841-04:00" time="2.498">
        </testcase>
        <testcase name="docs::kcl_doc::test::kcl_test_examples_std_sketch_segLen_0" classname="kcl-lib" timestamp="2025-08-01T18:08:54.738-04:00" time="2.430">
        </testcase>
        <testcase name="docs::kcl_doc::test::kcl_test_examples_std_sketch_segEnd_0" classname="kcl-lib" timestamp="2025-08-01T18:08:54.622-04:00" time="2.750">
        </testcase>
        <testcase name="docs::kcl_doc::test::kcl_test_examples_std_sketch_ellipse_0" classname="kcl-lib" timestamp="2025-08-01T18:08:22.710-04:00" time="35.730">
            <failure message="thread &apos;docs::kcl_doc::test::kcl_test_examples_std_sketch_ellipse_0&apos; panicked at kcl-lib/src/docs/kcl_doc.rs:1349:21" type="test failure with exit code 101">thread &apos;docs::kcl_doc::test::kcl_test_examples_std_sketch_ellipse_0&apos; panicked at kcl-lib/src/docs/kcl_doc.rs:1349:21:
Error testing example ellipse0: missing field `major_radius`
note: run with `RUST_BACKTRACE=1` environment variable to display a backtrace</failure>
            <system-out>
running 1 test
test docs::kcl_doc::test::kcl_test_examples_std_sketch_ellipse_0 ... FAILED

failures:

failures:
    docs::kcl_doc::test::kcl_test_examples_std_sketch_ellipse_0

test result: FAILED. 0 passed; 1 failed; 0 ignored; 0 measured; 1697 filtered out; finished in 35.72s

</system-out>
            <system-err>
thread &apos;docs::kcl_doc::test::kcl_test_examples_std_sketch_ellipse_0&apos; panicked at kcl-lib/src/docs/kcl_doc.rs:1349:21:
Error testing example ellipse0: missing field `major_radius`
note: run with `RUST_BACKTRACE=1` environment variable to display a backtrace
</system-err>
        </testcase>
        <testcase name="docs::kcl_doc::test::kcl_test_examples_std_sketch_elliptic_0" classname="kcl-lib" timestamp="2025-08-01T18:08:22.903-04:00" time="35.733">
            <failure message="thread &apos;docs::kcl_doc::test::kcl_test_examples_std_sketch_elliptic_0&apos; panicked at kcl-lib/src/docs/kcl_doc.rs:1349:21" type="test failure with exit code 101">thread &apos;docs::kcl_doc::test::kcl_test_examples_std_sketch_elliptic_0&apos; panicked at kcl-lib/src/docs/kcl_doc.rs:1349:21:
Error testing example elliptic0: missing field `major_radius`
note: run with `RUST_BACKTRACE=1` environment variable to display a backtrace</failure>
            <system-out>
running 1 test
test docs::kcl_doc::test::kcl_test_examples_std_sketch_elliptic_0 ... FAILED

failures:

failures:
    docs::kcl_doc::test::kcl_test_examples_std_sketch_elliptic_0

test result: FAILED. 0 passed; 1 failed; 0 ignored; 0 measured; 1697 filtered out; finished in 35.73s

</system-out>
            <system-err>
thread &apos;docs::kcl_doc::test::kcl_test_examples_std_sketch_elliptic_0&apos; panicked at kcl-lib/src/docs/kcl_doc.rs:1349:21:
Error testing example elliptic0: missing field `major_radius`
note: run with `RUST_BACKTRACE=1` environment variable to display a backtrace
</system-err>
        </testcase>
        <testcase name="docs::kcl_doc::test::kcl_test_examples_std_sketch_segStartX_0" classname="kcl-lib" timestamp="2025-08-01T18:08:56.182-04:00" time="2.498">
        </testcase>
        <testcase name="docs::kcl_doc::test::kcl_test_examples_std_sketch_segStartY_0" classname="kcl-lib" timestamp="2025-08-01T18:08:56.339-04:00" time="2.638">
        </testcase>
        <testcase name="docs::kcl_doc::test::kcl_test_examples_std_sketch_startProfile_0" classname="kcl-lib" timestamp="2025-08-01T18:08:57.373-04:00" time="2.560">
        </testcase>
        <testcase name="docs::kcl_doc::test::kcl_test_examples_std_sketch_segStart_0" classname="kcl-lib" timestamp="2025-08-01T18:08:57.168-04:00" time="2.959">
        </testcase>
        <testcase name="docs::kcl_doc::test::kcl_test_examples_std_sketch_startProfile_1" classname="kcl-lib" timestamp="2025-08-01T18:08:58.468-04:00" time="2.459">
        </testcase>
        <testcase name="docs::kcl_doc::test::kcl_test_examples_std_sketch_startProfile_3" classname="kcl-lib" timestamp="2025-08-01T18:08:58.680-04:00" time="2.419">
        </testcase>
        <testcase name="docs::kcl_doc::test::kcl_test_examples_std_sketch_startProfile_2" classname="kcl-lib" timestamp="2025-08-01T18:08:58.637-04:00" time="2.519">
        </testcase>
        <testcase name="docs::kcl_doc::test::kcl_test_examples_std_sketch_startSketchOn_0" classname="kcl-lib" timestamp="2025-08-01T18:08:58.977-04:00" time="2.737">
        </testcase>
        <testcase name="docs::kcl_doc::test::kcl_test_examples_std_sketch_startSketchOn_2" classname="kcl-lib" timestamp="2025-08-01T18:09:00.127-04:00" time="2.572">
        </testcase>
        <testcase name="docs::kcl_doc::test::kcl_test_examples_std_sketch_startSketchOn_1" classname="kcl-lib" timestamp="2025-08-01T18:08:59.933-04:00" time="2.803">
        </testcase>
        <testcase name="docs::kcl_doc::test::kcl_test_examples_std_sketch_startSketchOn_3" classname="kcl-lib" timestamp="2025-08-01T18:09:00.928-04:00" time="2.561">
        </testcase>
        <testcase name="docs::kcl_doc::test::kcl_test_examples_std_sketch_startSketchOn_5" classname="kcl-lib" timestamp="2025-08-01T18:09:01.156-04:00" time="2.430">
        </testcase>
        <testcase name="docs::kcl_doc::test::kcl_test_examples_std_sketch_startSketchOn_4" classname="kcl-lib" timestamp="2025-08-01T18:09:01.100-04:00" time="2.550">
        </testcase>
        <testcase name="docs::kcl_doc::test::kcl_test_examples_std_sketch_startSketchOn_6" classname="kcl-lib" timestamp="2025-08-01T18:09:01.714-04:00" time="3.091">
        </testcase>
        <testcase name="docs::kcl_doc::test::kcl_test_examples_std_sketch_subtract2d_1" classname="kcl-lib" timestamp="2025-08-01T18:09:02.736-04:00" time="2.482">
        </testcase>
        <testcase name="docs::kcl_doc::test::kcl_test_examples_std_sketch_subtract2d_0" classname="kcl-lib" timestamp="2025-08-01T18:09:02.700-04:00" time="2.664">
        </testcase>
        <testcase name="docs::kcl_doc::test::kcl_test_examples_std_sketch_sweep_0" classname="kcl-lib" timestamp="2025-08-01T18:09:03.489-04:00" time="2.366">
        </testcase>
        <testcase name="docs::kcl_doc::test::kcl_test_examples_std_sketch_sweep_2" classname="kcl-lib" timestamp="2025-08-01T18:09:03.650-04:00" time="2.771">
        </testcase>
        <testcase name="docs::kcl_doc::test::kcl_test_examples_std_sketch_sweep_1" classname="kcl-lib" timestamp="2025-08-01T18:09:03.586-04:00" time="3.164">
        </testcase>
        <testcase name="docs::kcl_doc::test::kcl_test_examples_std_sketch_sweep_3" classname="kcl-lib" timestamp="2025-08-01T18:09:04.805-04:00" time="2.692">
        </testcase>
        <testcase name="docs::kcl_doc::test::kcl_test_examples_std_sketch_tangentToEnd_0" classname="kcl-lib" timestamp="2025-08-01T18:09:05.218-04:00" time="2.432">
        </testcase>
        <testcase name="docs::kcl_doc::test::kcl_test_examples_std_sketch_tangentToEnd_1" classname="kcl-lib" timestamp="2025-08-01T18:09:05.364-04:00" time="2.588">
        </testcase>
        <testcase name="docs::kcl_doc::test::kcl_test_examples_std_sketch_tangentToEnd_2" classname="kcl-lib" timestamp="2025-08-01T18:09:05.855-04:00" time="2.758">
        </testcase>
        <testcase name="docs::kcl_doc::test::kcl_test_examples_std_sketch_tangentToEnd_3" classname="kcl-lib" timestamp="2025-08-01T18:09:06.420-04:00" time="2.496">
        </testcase>
        <testcase name="docs::kcl_doc::test::kcl_test_examples_std_sketch_tangentToEnd_4" classname="kcl-lib" timestamp="2025-08-01T18:09:06.749-04:00" time="2.457">
        </testcase>
        <testcase name="docs::kcl_doc::test::kcl_test_examples_std_sketch_tangentialArc_1" classname="kcl-lib" timestamp="2025-08-01T18:09:07.650-04:00" time="2.603">
        </testcase>
        <testcase name="docs::kcl_doc::test::kcl_test_examples_std_sketch_tangentialArc_2" classname="kcl-lib" timestamp="2025-08-01T18:09:07.951-04:00" time="2.468">
        </testcase>
        <testcase name="docs::kcl_doc::test::kcl_test_examples_std_sketch_tangentialArc_0" classname="kcl-lib" timestamp="2025-08-01T18:09:07.497-04:00" time="2.926">
        </testcase>
        <testcase name="docs::kcl_doc::test::kcl_test_examples_std_sketch_xLine_0" classname="kcl-lib" timestamp="2025-08-01T18:09:08.613-04:00" time="2.580">
        </testcase>
        <testcase name="docs::kcl_doc::test::kcl_test_examples_std_sketch_yLine_0" classname="kcl-lib" timestamp="2025-08-01T18:09:08.917-04:00" time="2.486">
        </testcase>
        <testcase name="docs::kcl_doc::test::kcl_test_examples_std_solid_appearance_0" classname="kcl-lib" timestamp="2025-08-01T18:09:09.207-04:00" time="2.743">
        </testcase>
        <testcase name="docs::kcl_doc::test::kcl_test_examples_std_solid_appearance_1" classname="kcl-lib" timestamp="2025-08-01T18:09:10.254-04:00" time="2.730">
        </testcase>
        <testcase name="docs::kcl_doc::test::kcl_test_examples_std_solid_appearance_2" classname="kcl-lib" timestamp="2025-08-01T18:09:10.420-04:00" time="2.597">
        </testcase>
        <testcase name="docs::kcl_doc::test::kcl_test_examples_std_solid_appearance_3" classname="kcl-lib" timestamp="2025-08-01T18:09:10.423-04:00" time="2.857">
        </testcase>
        <testcase name="docs::kcl_doc::test::kcl_test_examples_std_solid_appearance_4" classname="kcl-lib" timestamp="2025-08-01T18:09:11.193-04:00" time="2.595">
        </testcase>
        <testcase name="docs::kcl_doc::test::kcl_test_examples_std_solid_appearance_5" classname="kcl-lib" timestamp="2025-08-01T18:09:11.403-04:00" time="2.575">
        </testcase>
        <testcase name="docs::kcl_doc::test::kcl_test_examples_std_solid_appearance_6" classname="kcl-lib" timestamp="2025-08-01T18:09:11.950-04:00" time="2.474">
        </testcase>
        <testcase name="docs::kcl_doc::test::kcl_test_examples_std_solid_appearance_8" classname="kcl-lib" timestamp="2025-08-01T18:09:13.017-04:00" time="2.599">
        </testcase>
        <testcase name="docs::kcl_doc::test::kcl_test_examples_std_solid_chamfer_0" classname="kcl-lib" timestamp="2025-08-01T18:09:13.788-04:00" time="2.656">
        </testcase>
        <testcase name="docs::kcl_doc::test::kcl_test_examples_std_solid_appearance_7" classname="kcl-lib" timestamp="2025-08-01T18:09:12.984-04:00" time="3.489">
        </testcase>
        <testcase name="docs::kcl_doc::test::kcl_test_examples_std_solid_chamfer_1" classname="kcl-lib" timestamp="2025-08-01T18:09:13.978-04:00" time="2.593">
        </testcase>
        <testcase name="docs::kcl_doc::test::kcl_test_examples_std_solid_fillet_0" classname="kcl-lib" timestamp="2025-08-01T18:09:14.424-04:00" time="2.650">
        </testcase>
        <testcase name="docs::kcl_doc::test::kcl_test_examples_std_solid_appearance_9" classname="kcl-lib" timestamp="2025-08-01T18:09:13.281-04:00" time="4.162">
        </testcase>
        <testcase name="docs::kcl_doc::test::kcl_test_examples_std_solid_fillet_1" classname="kcl-lib" timestamp="2025-08-01T18:09:15.616-04:00" time="2.878">
        </testcase>
        <testcase name="docs::kcl_doc::test::kcl_test_examples_std_solid_hollow_1" classname="kcl-lib" timestamp="2025-08-01T18:09:16.473-04:00" time="2.413">
        </testcase>
        <testcase name="docs::kcl_doc::test::kcl_test_examples_std_solid_hollow_0" classname="kcl-lib" timestamp="2025-08-01T18:09:16.445-04:00" time="2.621">
        </testcase>
        <testcase name="docs::kcl_doc::test::kcl_test_examples_std_solid_hollow_2" classname="kcl-lib" timestamp="2025-08-01T18:09:16.570-04:00" time="2.767">
        </testcase>
        <testcase name="docs::kcl_doc::test::kcl_test_examples_std_solid_intersect_0" classname="kcl-lib" timestamp="2025-08-01T18:09:17.074-04:00" time="2.612">
        </testcase>
        <testcase name="docs::kcl_doc::test::kcl_test_examples_std_solid_intersect_1" classname="kcl-lib" timestamp="2025-08-01T18:09:17.443-04:00" time="2.582">
        </testcase>
        <testcase name="docs::kcl_doc::test::kcl_test_examples_std_solid_patternCircular3d_0" classname="kcl-lib" timestamp="2025-08-01T18:09:18.494-04:00" time="2.640">
        </testcase>
        <testcase name="docs::kcl_doc::test::kcl_test_examples_std_solid_patternCircular3d_1" classname="kcl-lib" timestamp="2025-08-01T18:09:18.886-04:00" time="3.016">
        </testcase>
        <testcase name="docs::kcl_doc::test::kcl_test_examples_std_solid_patternLinear3d_1" classname="kcl-lib" timestamp="2025-08-01T18:09:19.337-04:00" time="2.623">
        </testcase>
        <testcase name="docs::kcl_doc::test::kcl_test_examples_std_solid_patternLinear3d_0" classname="kcl-lib" timestamp="2025-08-01T18:09:19.066-04:00" time="2.977">
        </testcase>
        <testcase name="docs::kcl_doc::test::kcl_test_examples_std_solid_patternLinear3d_2" classname="kcl-lib" timestamp="2025-08-01T18:09:19.686-04:00" time="2.642">
        </testcase>
        <testcase name="docs::kcl_doc::test::kcl_test_examples_std_solid_patternLinear3d_3" classname="kcl-lib" timestamp="2025-08-01T18:09:20.026-04:00" time="2.803">
        </testcase>
        <testcase name="docs::kcl_doc::test::kcl_test_examples_std_solid_patternTransform_0" classname="kcl-lib" timestamp="2025-08-01T18:09:21.134-04:00" time="2.739">
        </testcase>
        <testcase name="docs::kcl_doc::test::kcl_test_examples_std_solid_patternTransform_3" classname="kcl-lib" timestamp="2025-08-01T18:09:22.043-04:00" time="2.464">
        </testcase>
        <testcase name="docs::kcl_doc::test::kcl_test_examples_std_solid_patternTransform_2" classname="kcl-lib" timestamp="2025-08-01T18:09:21.960-04:00" time="2.572">
        </testcase>
        <testcase name="docs::kcl_doc::test::kcl_test_examples_std_solid_patternTransform_1" classname="kcl-lib" timestamp="2025-08-01T18:09:21.902-04:00" time="2.818">
        </testcase>
        <testcase name="docs::kcl_doc::test::kcl_test_examples_std_solid_patternTransform_5" classname="kcl-lib" timestamp="2025-08-01T18:09:22.829-04:00" time="2.925">
        </testcase>
        <testcase name="docs::kcl_doc::test::kcl_test_examples_std_solid_patternTransform_4" classname="kcl-lib" timestamp="2025-08-01T18:09:22.329-04:00" time="3.475">
        </testcase>
        <testcase name="docs::kcl_doc::test::kcl_test_examples_std_solid_shell_0" classname="kcl-lib" timestamp="2025-08-01T18:09:23.874-04:00" time="2.581">
        </testcase>
        <testcase name="docs::kcl_doc::test::kcl_test_examples_std_solid_shell_2" classname="kcl-lib" timestamp="2025-08-01T18:09:24.533-04:00" time="2.572">
        </testcase>
        <testcase name="docs::kcl_doc::test::kcl_test_examples_std_solid_shell_3" classname="kcl-lib" timestamp="2025-08-01T18:09:24.721-04:00" time="2.529">
        </testcase>
        <testcase name="docs::kcl_doc::test::kcl_test_examples_std_solid_shell_1" classname="kcl-lib" timestamp="2025-08-01T18:09:24.508-04:00" time="2.802">
        </testcase>
        <testcase name="docs::kcl_doc::test::kcl_test_examples_std_solid_shell_4" classname="kcl-lib" timestamp="2025-08-01T18:09:25.753-04:00" time="2.658">
        </testcase>
        <testcase name="docs::kcl_doc::test::kcl_test_examples_std_solid_shell_5" classname="kcl-lib" timestamp="2025-08-01T18:09:25.804-04:00" time="2.661">
        </testcase>
        <testcase name="docs::kcl_doc::test::kcl_test_examples_std_solid_shell_6" classname="kcl-lib" timestamp="2025-08-01T18:09:26.455-04:00" time="2.517">
        </testcase>
        <testcase name="docs::kcl_doc::test::kcl_test_examples_std_solid_subtract_0" classname="kcl-lib" timestamp="2025-08-01T18:09:27.105-04:00" time="2.518">
        </testcase>
        <testcase name="docs::kcl_doc::test::kcl_test_examples_std_solid_subtract_1" classname="kcl-lib" timestamp="2025-08-01T18:09:27.249-04:00" time="2.465">
        </testcase>
        <testcase name="docs::kcl_doc::test::kcl_test_examples_std_solid_union_0" classname="kcl-lib" timestamp="2025-08-01T18:09:27.310-04:00" time="2.706">
        </testcase>
        <testcase name="docs::kcl_doc::test::kcl_test_examples_std_solid_union_1" classname="kcl-lib" timestamp="2025-08-01T18:09:28.412-04:00" time="2.570">
        </testcase>
        <testcase name="docs::kcl_doc::test::kcl_test_examples_std_solid_union_2" classname="kcl-lib" timestamp="2025-08-01T18:09:28.465-04:00" time="2.588">
        </testcase>
        <testcase name="docs::kcl_doc::test::kcl_test_examples_std_transform_mirror2d_0" classname="kcl-lib" timestamp="2025-08-01T18:09:28.972-04:00" time="2.516">
        </testcase>
        <testcase name="docs::kcl_doc::test::kcl_test_examples_std_transform_mirror2d_1" classname="kcl-lib" timestamp="2025-08-01T18:09:29.623-04:00" time="2.472">
        </testcase>
        <testcase name="docs::kcl_doc::test::kcl_test_examples_std_transform_mirror2d_2" classname="kcl-lib" timestamp="2025-08-01T18:09:29.715-04:00" time="2.724">
        </testcase>
        <testcase name="docs::kcl_doc::test::kcl_test_examples_std_transform_mirror2d_3" classname="kcl-lib" timestamp="2025-08-01T18:09:30.016-04:00" time="2.445">
        </testcase>
        <testcase name="docs::kcl_doc::test::kcl_test_examples_std_transform_rotate_0" classname="kcl-lib" timestamp="2025-08-01T18:09:31.052-04:00" time="2.630">
        </testcase>
        <testcase name="docs::kcl_doc::test::kcl_test_examples_std_transform_mirror2d_4" classname="kcl-lib" timestamp="2025-08-01T18:09:30.982-04:00" time="2.973">
        </testcase>
        <testcase name="docs::kcl_doc::test::kcl_test_examples_std_transform_rotate_1" classname="kcl-lib" timestamp="2025-08-01T18:09:31.488-04:00" time="2.498">
        </testcase>
        <testcase name="docs::kcl_doc::test::kcl_test_examples_std_transform_rotate_3" classname="kcl-lib" timestamp="2025-08-01T18:09:32.439-04:00" time="2.406">
        </testcase>
        <testcase name="docs::kcl_doc::test::kcl_test_examples_std_transform_rotate_2" classname="kcl-lib" timestamp="2025-08-01T18:09:32.096-04:00" time="2.802">
        </testcase>
        <testcase name="docs::kcl_doc::test::kcl_test_examples_std_transform_rotate_4" classname="kcl-lib" timestamp="2025-08-01T18:09:32.461-04:00" time="2.573">
        </testcase>
        <testcase name="docs::kcl_doc::test::kcl_test_examples_std_transform_rotate_5" classname="kcl-lib" timestamp="2025-08-01T18:09:33.683-04:00" time="2.743">
        </testcase>
        <testcase name="docs::kcl_doc::test::kcl_test_examples_std_transform_scale_0" classname="kcl-lib" timestamp="2025-08-01T18:09:33.986-04:00" time="2.537">
        </testcase>
        <testcase name="docs::kcl_doc::test::kcl_test_examples_std_transform_rotate_6" classname="kcl-lib" timestamp="2025-08-01T18:09:33.955-04:00" time="2.602">
        </testcase>
        <testcase name="docs::kcl_doc::test::kcl_test_examples_std_transform_scale_2" classname="kcl-lib" timestamp="2025-08-01T18:09:34.898-04:00" time="2.453">
        </testcase>
        <testcase name="docs::kcl_doc::test::kcl_test_examples_std_transform_translate_0" classname="kcl-lib" timestamp="2025-08-01T18:09:35.034-04:00" time="2.397">
        </testcase>
        <testcase name="docs::kcl_doc::test::kcl_test_examples_std_transform_scale_1" classname="kcl-lib" timestamp="2025-08-01T18:09:34.845-04:00" time="2.621">
        </testcase>
        <testcase name="docs::kcl_doc::test::kcl_test_examples_std_transform_translate_3" classname="kcl-lib" timestamp="2025-08-01T18:09:36.558-04:00" time="2.599">
        </testcase>
        <testcase name="docs::kcl_doc::test::kcl_test_examples_std_transform_translate_4" classname="kcl-lib" timestamp="2025-08-01T18:09:37.351-04:00" time="2.440">
        </testcase>
        <testcase name="docs::kcl_doc::test::kcl_test_examples_std_units_toDegrees_0" classname="kcl-lib" timestamp="2025-08-01T18:09:37.466-04:00" time="2.531">
        </testcase>
        <testcase name="docs::kcl_doc::test::kcl_test_examples_std_transform_translate_5" classname="kcl-lib" timestamp="2025-08-01T18:09:37.432-04:00" time="2.765">
        </testcase>
        <testcase name="docs::kcl_doc::test::kcl_test_examples_std_transform_translate_2" classname="kcl-lib" timestamp="2025-08-01T18:09:36.524-04:00" time="4.118">
        </testcase>
        <testcase name="docs::kcl_doc::test::kcl_test_examples_std_transform_translate_1" classname="kcl-lib" timestamp="2025-08-01T18:09:36.426-04:00" time="4.269">
        </testcase>
        <testcase name="docs::kcl_doc::test::kcl_test_examples_std_units_toRadians_0" classname="kcl-lib" timestamp="2025-08-01T18:09:39.157-04:00" time="2.578">
        </testcase>
        <testcase name="docs::kcl_doc::test::kcl_test_examples_std_vector_add_0" classname="kcl-lib" timestamp="2025-08-01T18:09:39.791-04:00" time="2.486">
        </testcase>
        <testcase name="docs::kcl_doc::test::kcl_test_examples_std_vector_cross_0" classname="kcl-lib" timestamp="2025-08-01T18:09:39.997-04:00" time="2.499">
        </testcase>
        <testcase name="docs::kcl_doc::test::kcl_test_examples_std_vector_div_0" classname="kcl-lib" timestamp="2025-08-01T18:09:40.197-04:00" time="2.381">
        </testcase>
        <testcase name="docs::kcl_doc::test::smoke" classname="kcl-lib" timestamp="2025-08-01T18:09:42.605-04:00" time="0.065">
        </testcase>
        <testcase name="docs::kcl_doc::test::missing_test_examples" classname="kcl-lib" timestamp="2025-08-01T18:09:42.605-04:00" time="0.067">
        </testcase>
        <testcase name="docs::kcl_doc::test::test_remove_md_links" classname="kcl-lib" timestamp="2025-08-01T18:09:42.670-04:00" time="0.009">
        </testcase>
        <testcase name="docs::tests::get_autocomplete_snippet_appearance" classname="kcl-lib" timestamp="2025-08-01T18:09:42.672-04:00" time="0.066">
        </testcase>
        <testcase name="docs::tests::get_autocomplete_snippet_arc" classname="kcl-lib" timestamp="2025-08-01T18:09:42.680-04:00" time="0.065">
        </testcase>
        <testcase name="docs::tests::get_autocomplete_snippet_circle" classname="kcl-lib" timestamp="2025-08-01T18:09:42.738-04:00" time="0.065">
        </testcase>
        <testcase name="docs::tests::get_autocomplete_snippet_clone" classname="kcl-lib" timestamp="2025-08-01T18:09:42.744-04:00" time="0.066">
        </testcase>
        <testcase name="docs::tests::get_autocomplete_snippet_extrude" classname="kcl-lib" timestamp="2025-08-01T18:09:42.803-04:00" time="0.066">
        </testcase>
        <testcase name="docs::tests::get_autocomplete_snippet_fillet" classname="kcl-lib" timestamp="2025-08-01T18:09:42.810-04:00" time="0.065">
        </testcase>
        <testcase name="docs::tests::get_autocomplete_snippet_get_common_edge" classname="kcl-lib" timestamp="2025-08-01T18:09:42.869-04:00" time="0.065">
        </testcase>
        <testcase name="docs::tests::get_autocomplete_snippet_helix" classname="kcl-lib" timestamp="2025-08-01T18:09:42.875-04:00" time="0.065">
        </testcase>
        <testcase name="docs::tests::get_autocomplete_snippet_intersect" classname="kcl-lib" timestamp="2025-08-01T18:09:42.934-04:00" time="0.065">
        </testcase>
        <testcase name="docs::tests::get_autocomplete_snippet_line" classname="kcl-lib" timestamp="2025-08-01T18:09:42.940-04:00" time="0.065">
        </testcase>
        <testcase name="docs::tests::get_autocomplete_snippet_loft" classname="kcl-lib" timestamp="2025-08-01T18:09:43.000-04:00" time="0.065">
        </testcase>
        <testcase name="docs::tests::get_autocomplete_snippet_map" classname="kcl-lib" timestamp="2025-08-01T18:09:43.006-04:00" time="0.066">
        </testcase>
        <testcase name="docs::kcl_doc::test::kcl_test_examples_std_vector_magnitude_0" classname="kcl-lib" timestamp="2025-08-01T18:09:40.695-04:00" time="2.399">
        </testcase>
        <testcase name="docs::kcl_doc::test::kcl_test_examples_std_vector_dot_0" classname="kcl-lib" timestamp="2025-08-01T18:09:40.642-04:00" time="2.474">
        </testcase>
        <testcase name="docs::tests::get_autocomplete_snippet_offset_plane" classname="kcl-lib" timestamp="2025-08-01T18:09:43.065-04:00" time="0.067">
        </testcase>
        <testcase name="docs::tests::get_autocomplete_snippet_pattern_circular_3d" classname="kcl-lib" timestamp="2025-08-01T18:09:43.071-04:00" time="0.065">
        </testcase>
        <testcase name="docs::tests::get_autocomplete_snippet_pattern_linear_2d" classname="kcl-lib" timestamp="2025-08-01T18:09:43.095-04:00" time="0.068">
        </testcase>
        <testcase name="docs::tests::get_autocomplete_snippet_revolve" classname="kcl-lib" timestamp="2025-08-01T18:09:43.095-04:00" time="0.070">
        </testcase>
        <testcase name="docs::tests::get_autocomplete_snippet_rotate" classname="kcl-lib" timestamp="2025-08-01T18:09:43.116-04:00" time="0.071">
        </testcase>
        <testcase name="docs::tests::get_autocomplete_snippet_scale" classname="kcl-lib" timestamp="2025-08-01T18:09:43.115-04:00" time="0.074">
        </testcase>
        <testcase name="docs::tests::get_autocomplete_snippet_start_profile" classname="kcl-lib" timestamp="2025-08-01T18:09:43.132-04:00" time="0.070">
        </testcase>
        <testcase name="docs::tests::get_autocomplete_snippet_start_sketch_on" classname="kcl-lib" timestamp="2025-08-01T18:09:43.136-04:00" time="0.075">
        </testcase>
        <testcase name="engine::export_bindings_planename" classname="kcl-lib" timestamp="2025-08-01T18:09:43.211-04:00" time="0.013">
        </testcase>
        <testcase name="docs::tests::get_autocomplete_snippet_subtract" classname="kcl-lib" timestamp="2025-08-01T18:09:43.163-04:00" time="0.076">
        </testcase>
        <testcase name="docs::tests::get_autocomplete_snippet_sweep" classname="kcl-lib" timestamp="2025-08-01T18:09:43.165-04:00" time="0.076">
        </testcase>
        <testcase name="errors::export_bindings_backtraceitem" classname="kcl-lib" timestamp="2025-08-01T18:09:43.225-04:00" time="0.024">
        </testcase>
        <testcase name="docs::tests::get_autocomplete_snippet_translate" classname="kcl-lib" timestamp="2025-08-01T18:09:43.187-04:00" time="0.070">
        </testcase>
        <testcase name="docs::tests::get_autocomplete_snippet_union" classname="kcl-lib" timestamp="2025-08-01T18:09:43.189-04:00" time="0.071">
        </testcase>
        <testcase name="docs::tests::get_extrude_signature_help" classname="kcl-lib" timestamp="2025-08-01T18:09:43.203-04:00" time="0.074">
        </testcase>
        <testcase name="errors::export_bindings_severity" classname="kcl-lib" timestamp="2025-08-01T18:09:43.260-04:00" time="0.022">
        </testcase>
        <testcase name="errors::export_bindings_kclerrordetails" classname="kcl-lib" timestamp="2025-08-01T18:09:43.249-04:00" time="0.041">
        </testcase>
        <testcase name="errors::export_bindings_kclerror" classname="kcl-lib" timestamp="2025-08-01T18:09:43.242-04:00" time="0.065">
        </testcase>
        <testcase name="errors::export_bindings_tag" classname="kcl-lib" timestamp="2025-08-01T18:09:43.282-04:00" time="0.024">
        </testcase>
        <testcase name="errors::export_bindings_compilationerror" classname="kcl-lib" timestamp="2025-08-01T18:09:43.239-04:00" time="0.075">
        </testcase>
        <testcase name="errors::export_bindings_suggestion" classname="kcl-lib" timestamp="2025-08-01T18:09:43.277-04:00" time="0.045">
        </testcase>
        <testcase name="execution::cache::tests::test_get_changed_program_same_code" classname="kcl-lib" timestamp="2025-08-01T18:09:43.306-04:00" time="0.069">
        </testcase>
        <testcase name="execution::cache::tests::test_get_changed_program_same_code_but_different_edge_visibility_setting" classname="kcl-lib" timestamp="2025-08-01T18:09:43.306-04:00" time="0.069">
        </testcase>
        <testcase name="execution::cache::tests::test_get_changed_program_same_code_but_different_grid_setting" classname="kcl-lib" timestamp="2025-08-01T18:09:43.314-04:00" time="0.072">
        </testcase>
        <testcase name="execution::cache::tests::test_cache_multi_file_only_other_file_changes_should_reexecute" classname="kcl-lib" timestamp="2025-08-01T18:09:43.291-04:00" time="0.098">
        </testcase>
        <testcase name="execution::cache::tests::test_get_changed_program_same_code_but_different_unit_setting_using_annotation" classname="kcl-lib" timestamp="2025-08-01T18:09:43.322-04:00" time="0.071">
        </testcase>
        <testcase name="execution::cache::tests::test_get_changed_program_same_code_but_removed_unit_setting_using_annotation" classname="kcl-lib" timestamp="2025-08-01T18:09:43.375-04:00" time="0.072">
        </testcase>
        <testcase name="execution::cache::tests::test_get_changed_program_same_code_changed_code_comment_start_of_program" classname="kcl-lib" timestamp="2025-08-01T18:09:43.376-04:00" time="0.081">
        </testcase>
        <testcase name="execution::cache::tests::test_get_changed_program_same_code_changed_code_comments_attrs" classname="kcl-lib" timestamp="2025-08-01T18:09:43.387-04:00" time="0.076">
        </testcase>
        <testcase name="execution::cache::tests::test_get_changed_program_same_code_changed_whitespace" classname="kcl-lib" timestamp="2025-08-01T18:09:43.389-04:00" time="0.075">
        </testcase>
        <testcase name="execution::cache::tests::test_multi_file_no_changes_does_not_reexecute" classname="kcl-lib" timestamp="2025-08-01T18:09:43.393-04:00" time="0.089">
        </testcase>
        <testcase name="execution::exec_ast::test::ascription_in_binop" classname="kcl-lib" timestamp="2025-08-01T18:09:43.457-04:00" time="0.068">
        </testcase>
        <testcase name="execution::exec_ast::test::coerce_return" classname="kcl-lib" timestamp="2025-08-01T18:09:43.463-04:00" time="0.069">
        </testcase>
        <testcase name="execution::exec_ast::test::default_param_for_unlabeled" classname="kcl-lib" timestamp="2025-08-01T18:09:43.482-04:00" time="0.070">
        </testcase>
        <testcase name="execution::exec_ast::test::coerce_unknown_to_length" classname="kcl-lib" timestamp="2025-08-01T18:09:43.464-04:00" time="0.130">
        </testcase>
        <testcase name="execution::exec_ast::test::dont_use_unlabelled_as_input" classname="kcl-lib" timestamp="2025-08-01T18:09:43.525-04:00" time="0.071">
        </testcase>
        <testcase name="execution::exec_ast::test::getting_property_of_plane" classname="kcl-lib" timestamp="2025-08-01T18:09:43.532-04:00" time="0.087">
        </testcase>
        <testcase name="execution::exec_ast::test::load_all_modules" classname="kcl-lib" timestamp="2025-08-01T18:09:43.552-04:00" time="0.087">
        </testcase>
        <testcase name="execution::exec_ast::test::multiple_returns" classname="kcl-lib" timestamp="2025-08-01T18:09:43.594-04:00" time="0.068">
        </testcase>
        <testcase name="execution::exec_ast::test::neg_plane" classname="kcl-lib" timestamp="2025-08-01T18:09:43.596-04:00" time="0.104">
        </testcase>
        <testcase name="execution::exec_ast::test::neg_sqrt" classname="kcl-lib" timestamp="2025-08-01T18:09:43.619-04:00" time="0.087">
        </testcase>
        <testcase name="execution::exec_ast::test::non_array_fns" classname="kcl-lib" timestamp="2025-08-01T18:09:43.640-04:00" time="0.092">
        </testcase>
        <testcase name="execution::exec_ast::test::one_warning_unknown" classname="kcl-lib" timestamp="2025-08-01T18:09:43.706-04:00" time="0.071">
        </testcase>
        <testcase name="execution::exec_ast::test::ascription" classname="kcl-lib" timestamp="2025-08-01T18:09:43.448-04:00" time="0.342">
        </testcase>
        <testcase name="execution::exec_ast::test::non_array_indexing" classname="kcl-lib" timestamp="2025-08-01T18:09:43.662-04:00" time="0.145">
        </testcase>
        <testcase name="execution::export_bindings_defaultplanes" classname="kcl-lib" timestamp="2025-08-01T18:09:43.790-04:00" time="0.019">
        </testcase>
        <testcase name="execution::export_bindings_executorsettings" classname="kcl-lib" timestamp="2025-08-01T18:09:43.809-04:00" time="0.021">
        </testcase>
        <testcase name="execution::export_bindings_metadata" classname="kcl-lib" timestamp="2025-08-01T18:09:43.830-04:00" time="0.032">
        </testcase>
        <testcase name="execution::exec_ast::test::non_count_indexing" classname="kcl-lib" timestamp="2025-08-01T18:09:43.700-04:00" time="0.190">
        </testcase>
        <testcase name="execution::exec_ast::test::user_coercion" classname="kcl-lib" timestamp="2025-08-01T18:09:43.778-04:00" time="0.132">
        </testcase>
        <testcase name="execution::fn_call::test::test_assign_args_to_params" classname="kcl-lib" timestamp="2025-08-01T18:09:43.910-04:00" time="0.007">
        </testcase>
        <testcase name="execution::export_bindings_tagidentifier" classname="kcl-lib" timestamp="2025-08-01T18:09:43.891-04:00" time="0.028">
        </testcase>
        <testcase name="execution::fn_call::test::type_check_user_args" classname="kcl-lib" timestamp="2025-08-01T18:09:43.917-04:00" time="0.068">
        </testcase>
        <testcase name="execution::exec_ast::test::test_sensible_error_when_missing_equals_in_kwarg" classname="kcl-lib" timestamp="2025-08-01T18:09:43.732-04:00" time="0.255">
        </testcase>
        <testcase name="docs::kcl_doc::test::kcl_test_examples_std_vector_mul_0" classname="kcl-lib" timestamp="2025-08-01T18:09:41.735-04:00" time="2.495">
        </testcase>
        <testcase name="docs::kcl_doc::test::kcl_test_examples_std_vector_normalize_0" classname="kcl-lib" timestamp="2025-08-01T18:09:42.277-04:00" time="2.359">
        </testcase>
        <testcase name="docs::kcl_doc::test::kcl_test_examples_std_vector_sub_0" classname="kcl-lib" timestamp="2025-08-01T18:09:42.496-04:00" time="2.453">
        </testcase>
        <testcase name="execution::geometry::export_bindings_geometa" classname="kcl-lib" timestamp="2025-08-01T18:09:44.949-04:00" time="0.068">
        </testcase>
        <testcase name="execution::geometry::export_bindings_basepath" classname="kcl-lib" timestamp="2025-08-01T18:09:43.918-04:00" time="1.454">
        </testcase>
        <testcase name="execution::geometry::export_bindings_chamfersurface" classname="kcl-lib" timestamp="2025-08-01T18:09:43.985-04:00" time="1.476">
        </testcase>
        <testcase name="execution::geometry::export_bindings_edgecut" classname="kcl-lib" timestamp="2025-08-01T18:09:43.987-04:00" time="1.558">
        </testcase>
        <testcase name="execution::export_bindings_tagengineinfo" classname="kcl-lib" timestamp="2025-08-01T18:09:43.862-04:00" time="1.687">
        </testcase>
        <testcase name="execution::geometry::export_bindings_importedgeometry" classname="kcl-lib" timestamp="2025-08-01T18:09:45.549-04:00" time="0.059">
        </testcase>
        <testcase name="execution::geometry::export_bindings_helix" classname="kcl-lib" timestamp="2025-08-01T18:09:45.545-04:00" time="0.180">
        </testcase>
        <testcase name="execution::geometry::export_bindings_plane" classname="kcl-lib" timestamp="2025-08-01T18:09:45.725-04:00" time="0.194">
        </testcase>
        <testcase name="execution::geometry::export_bindings_planeinfo" classname="kcl-lib" timestamp="2025-08-01T18:09:45.919-04:00" time="0.133">
        </testcase>
        <testcase name="execution::geometry::export_bindings_extrudearc" classname="kcl-lib" timestamp="2025-08-01T18:09:44.230-04:00" time="1.858">
        </testcase>
        <testcase name="execution::geometry::export_bindings_planetype" classname="kcl-lib" timestamp="2025-08-01T18:09:46.052-04:00" time="0.040">
        </testcase>
        <testcase name="execution::geometry::export_bindings_point3d" classname="kcl-lib" timestamp="2025-08-01T18:09:46.093-04:00" time="0.097">
        </testcase>
        <testcase name="execution::geometry::export_bindings_point2d" classname="kcl-lib" timestamp="2025-08-01T18:09:46.089-04:00" time="0.110">
        </testcase>
        <testcase name="execution::geometry::export_bindings_extrudeplane" classname="kcl-lib" timestamp="2025-08-01T18:09:44.230-04:00" time="2.092">
        </testcase>
        <testcase name="execution::geometry::export_bindings_extrudesurface" classname="kcl-lib" timestamp="2025-08-01T18:09:44.636-04:00" time="1.919">
        </testcase>
        <testcase name="execution::geometry::export_bindings_filletsurface" classname="kcl-lib" timestamp="2025-08-01T18:09:44.949-04:00" time="1.986">
        </testcase>
        <testcase name="execution::export_bindings_execoutcome" classname="kcl-lib" timestamp="2025-08-01T18:09:43.807-04:00" time="3.350">
        </testcase>
        <testcase name="execution::id_generator::tests::test_id_generator" classname="kcl-lib" timestamp="2025-08-01T18:09:47.157-04:00" time="0.008">
        </testcase>
        <testcase name="execution::id_generator::tests::test_id_generator_stable" classname="kcl-lib" timestamp="2025-08-01T18:09:47.166-04:00" time="0.007">
        </testcase>
        <testcase name="execution::id_generator::tests::test_id_generator_unique" classname="kcl-lib" timestamp="2025-08-01T18:09:47.172-04:00" time="0.007">
        </testcase>
        <testcase name="execution::import::test::annotations" classname="kcl-lib" timestamp="2025-08-01T18:09:47.179-04:00" time="0.008">
        </testcase>
        <testcase name="execution::import_graph::tests::order_imports" classname="kcl-lib" timestamp="2025-08-01T18:09:47.187-04:00" time="0.007">
        </testcase>
        <testcase name="execution::import_graph::tests::order_imports_2" classname="kcl-lib" timestamp="2025-08-01T18:09:47.194-04:00" time="0.007">
        </testcase>
        <testcase name="execution::import_graph::tests::order_imports_cycle" classname="kcl-lib" timestamp="2025-08-01T18:09:47.201-04:00" time="0.007">
        </testcase>
        <testcase name="execution::geometry::export_bindings_face" classname="kcl-lib" timestamp="2025-08-01T18:09:44.636-04:00" time="2.574">
        </testcase>
        <testcase name="execution::import_graph::tests::order_imports_none" classname="kcl-lib" timestamp="2025-08-01T18:09:47.208-04:00" time="0.008">
        </testcase>
        <testcase name="execution::kcl_value::tests::test_human_friendly_type" classname="kcl-lib" timestamp="2025-08-01T18:09:47.215-04:00" time="0.006">
        </testcase>
        <testcase name="execution::memory::test::deep_call_env" classname="kcl-lib" timestamp="2025-08-01T18:09:47.222-04:00" time="0.007">
        </testcase>
        <testcase name="execution::memory::test::mem_smoke" classname="kcl-lib" timestamp="2025-08-01T18:09:47.228-04:00" time="0.006">
        </testcase>
        <testcase name="execution::memory::test::multiple_call_env" classname="kcl-lib" timestamp="2025-08-01T18:09:47.234-04:00" time="0.006">
        </testcase>
        <testcase name="execution::memory::test::multiple_snapshot" classname="kcl-lib" timestamp="2025-08-01T18:09:47.240-04:00" time="0.006">
        </testcase>
        <testcase name="execution::memory::test::root_env" classname="kcl-lib" timestamp="2025-08-01T18:09:47.246-04:00" time="0.006">
        </testcase>
        <testcase name="execution::memory::test::simple_call_env" classname="kcl-lib" timestamp="2025-08-01T18:09:47.251-04:00" time="0.005">
        </testcase>
        <testcase name="execution::memory::test::simple_snapshot" classname="kcl-lib" timestamp="2025-08-01T18:09:47.257-04:00" time="0.006">
        </testcase>
        <testcase name="execution::memory::test::snap_env" classname="kcl-lib" timestamp="2025-08-01T18:09:47.263-04:00" time="0.006">
        </testcase>
        <testcase name="execution::memory::test::snap_env2" classname="kcl-lib" timestamp="2025-08-01T18:09:47.269-04:00" time="0.006">
        </testcase>
        <testcase name="execution::memory::test::squash_env" classname="kcl-lib" timestamp="2025-08-01T18:09:47.275-04:00" time="0.006">
        </testcase>
        <testcase name="execution::memory::test::two_stacks" classname="kcl-lib" timestamp="2025-08-01T18:09:47.282-04:00" time="0.006">
        </testcase>
        <testcase name="execution::state::export_bindings_metasettings" classname="kcl-lib" timestamp="2025-08-01T18:09:47.288-04:00" time="0.086">
        </testcase>
        <testcase name="execution::geometry::export_bindings_geometries" classname="kcl-lib" timestamp="2025-08-01T18:09:45.017-04:00" time="2.691">
        </testcase>
        <testcase name="errors::export_bindings_kclerrorwithoutputs" classname="kcl-lib" timestamp="2025-08-01T18:09:43.256-04:00" time="4.678">
        </testcase>
        <testcase name="execution::geometry::export_bindings_path" classname="kcl-lib" timestamp="2025-08-01T18:09:45.609-04:00" time="2.407">
        </testcase>
        <testcase name="execution::geometry::export_bindings_geometry" classname="kcl-lib" timestamp="2025-08-01T18:09:45.384-04:00" time="2.642">
        </testcase>
        <testcase name="execution::geometry::export_bindings_geometrywithimportedgeometry" classname="kcl-lib" timestamp="2025-08-01T18:09:45.462-04:00" time="2.973">
        </testcase>
        <testcase name="execution::geometry::export_bindings_sketch" classname="kcl-lib" timestamp="2025-08-01T18:09:46.190-04:00" time="2.337">
        </testcase>
        <testcase name="execution::tests::mock_has_stable_ids" classname="kcl-lib" timestamp="2025-08-01T18:09:48.435-04:00" time="0.133">
        </testcase>
        <testcase name="execution::tests::pass_std_to_std" classname="kcl-lib" timestamp="2025-08-01T18:09:48.527-04:00" time="0.071">
        </testcase>
        <testcase name="execution::tests::read_tag_version" classname="kcl-lib" timestamp="2025-08-01T18:09:48.567-04:00" time="0.073">
        </testcase>
        <testcase name="execution::geometry::export_bindings_solid" classname="kcl-lib" timestamp="2025-08-01T18:09:46.322-04:00" time="2.356">
        </testcase>
        <testcase name="execution::tests::test_cannot_shebang_in_fn" classname="kcl-lib" timestamp="2025-08-01T18:09:48.679-04:00" time="0.007">
        </testcase>
        <testcase name="execution::tests::test_array_reduce_nested_array" classname="kcl-lib" timestamp="2025-08-01T18:09:48.641-04:00" time="0.073">
        </testcase>
        <testcase name="execution::tests::test_execute_fn_definitions" classname="kcl-lib" timestamp="2025-08-01T18:09:48.685-04:00" time="0.070">
        </testcase>
        <testcase name="execution::geometry::export_bindings_sketchsurface" classname="kcl-lib" timestamp="2025-08-01T18:09:46.199-04:00" time="2.574">
        </testcase>
        <testcase name="execution::tests::test_execute_function_no_return" classname="kcl-lib" timestamp="2025-08-01T18:09:48.714-04:00" time="0.068">
        </testcase>
        <testcase name="execution::tests::test_execute_warn" classname="kcl-lib" timestamp="2025-08-01T18:09:48.755-04:00" time="0.069">
        </testcase>
        <testcase name="execution::tests::test_execute_with_function_array_in_pipe" classname="kcl-lib" timestamp="2025-08-01T18:09:48.773-04:00" time="0.070">
        </testcase>
        <testcase name="execution::tests::test_execute_with_function_call_in_pipe" classname="kcl-lib" timestamp="2025-08-01T18:09:48.781-04:00" time="0.070">
        </testcase>
        <testcase name="execution::geometry::export_bindings_solidorimportedgeometry" classname="kcl-lib" timestamp="2025-08-01T18:09:46.555-04:00" time="2.313">
        </testcase>
        <testcase name="execution::geometry::export_bindings_solidorsketchorimportedgeometry" classname="kcl-lib" timestamp="2025-08-01T18:09:46.935-04:00" time="1.936">
        </testcase>
        <testcase name="execution::tests::test_execute_with_function_literal_in_pipe" classname="kcl-lib" timestamp="2025-08-01T18:09:48.824-04:00" time="0.074">
        </testcase>
        <testcase name="execution::kcl_value::export_bindings_kclvalue" classname="kcl-lib" timestamp="2025-08-01T18:09:47.210-04:00" time="1.695">
        </testcase>
        <testcase name="execution::tests::test_execute_with_function_sketch" classname="kcl-lib" timestamp="2025-08-01T18:09:48.843-04:00" time="0.069">
        </testcase>
        <testcase name="execution::tests::test_execute_with_function_unary_in_pipe" classname="kcl-lib" timestamp="2025-08-01T18:09:48.851-04:00" time="0.071">
        </testcase>
        <testcase name="execution::tests::test_execute_with_inline_comment" classname="kcl-lib" timestamp="2025-08-01T18:09:48.868-04:00" time="0.077">
        </testcase>
        <testcase name="execution::tests::test_execute_with_pipe_substitutions" classname="kcl-lib" timestamp="2025-08-01T18:09:48.872-04:00" time="0.079">
        </testcase>
        <testcase name="execution::tests::test_function_cannot_access_future_definitions" classname="kcl-lib" timestamp="2025-08-01T18:09:48.912-04:00" time="0.095">
        </testcase>
        <testcase name="execution::tests::test_execute_with_pipe_substitutions_unary" classname="kcl-lib" timestamp="2025-08-01T18:09:48.898-04:00" time="0.110">
        </testcase>
        <testcase name="execution::tests::test_fn_as_operand" classname="kcl-lib" timestamp="2025-08-01T18:09:48.905-04:00" time="0.108">
        </testcase>
        <testcase name="execution::tests::test_get_member_of_array_with_function" classname="kcl-lib" timestamp="2025-08-01T18:09:48.923-04:00" time="0.090">
        </testcase>
        <testcase name="execution::tests::test_math_define_decimal_without_leading_zero" classname="kcl-lib" timestamp="2025-08-01T18:09:48.951-04:00" time="0.093">
        </testcase>
        <testcase name="execution::tests::test_get_member_of_object_with_function_period" classname="kcl-lib" timestamp="2025-08-01T18:09:48.945-04:00" time="0.100">
        </testcase>
        <testcase name="execution::tests::test_math_execute_with_functions" classname="kcl-lib" timestamp="2025-08-01T18:09:49.014-04:00" time="0.084">
        </testcase>
        <testcase name="execution::tests::test_math_execute_start_negative" classname="kcl-lib" timestamp="2025-08-01T18:09:49.013-04:00" time="0.085">
        </testcase>
        <testcase name="execution::tests::test_math_doubly_nested_parens" classname="kcl-lib" timestamp="2025-08-01T18:09:49.008-04:00" time="0.091">
        </testcase>
        <testcase name="execution::tests::test_math_execute" classname="kcl-lib" timestamp="2025-08-01T18:09:49.010-04:00" time="0.089">
        </testcase>
        <testcase name="execution::tests::test_math_execute_with_pi" classname="kcl-lib" timestamp="2025-08-01T18:09:49.045-04:00" time="0.070">
        </testcase>
        <testcase name="execution::tests::test_math_negative_variable_in_binary_expression" classname="kcl-lib" timestamp="2025-08-01T18:09:49.045-04:00" time="0.084">
        </testcase>
        <testcase name="execution::tests::test_pattern_transform_function_cannot_access_future_definitions" classname="kcl-lib" timestamp="2025-08-01T18:09:49.099-04:00" time="0.076">
        </testcase>
        <testcase name="execution::tests::test_math_nested_parens_one_less" classname="kcl-lib" timestamp="2025-08-01T18:09:49.098-04:00" time="0.087">
        </testcase>
        <testcase name="execution::tests::test_override_prelude" classname="kcl-lib" timestamp="2025-08-01T18:09:49.098-04:00" time="0.091">
        </testcase>
        <testcase name="execution::tests::test_unary_operator_not_succeeds" classname="kcl-lib" timestamp="2025-08-01T18:09:49.134-04:00" time="0.071">
        </testcase>
        <testcase name="execution::tests::mock_after_not_mock" classname="kcl-lib" timestamp="2025-08-01T18:09:48.026-04:00" time="1.184">
        </testcase>
        <testcase name="execution::types::export_bindings_unitangle" classname="kcl-lib" timestamp="2025-08-01T18:09:49.206-04:00" time="0.017">
        </testcase>
        <testcase name="execution::types::export_bindings_unitlen" classname="kcl-lib" timestamp="2025-08-01T18:09:49.210-04:00" time="0.013">
        </testcase>
        <testcase name="execution::types::export_bindings_numerictype" classname="kcl-lib" timestamp="2025-08-01T18:09:49.190-04:00" time="0.037">
        </testcase>
        <testcase name="execution::types::test::coerce_array" classname="kcl-lib" timestamp="2025-08-01T18:09:49.226-04:00" time="0.011">
        </testcase>
        <testcase name="execution::types::test::coerce_axes" classname="kcl-lib" timestamp="2025-08-01T18:09:49.237-04:00" time="0.009">
        </testcase>
        <testcase name="execution::types::export_bindings_unittype" classname="kcl-lib" timestamp="2025-08-01T18:09:49.223-04:00" time="0.027">
        </testcase>
        <testcase name="execution::tests::test_zero_param_fn" classname="kcl-lib" timestamp="2025-08-01T18:09:49.176-04:00" time="0.082">
        </testcase>
        <testcase name="execution::tests::type_aliases" classname="kcl-lib" timestamp="2025-08-01T18:09:49.186-04:00" time="0.072">
        </testcase>
        <testcase name="execution::types::test::coerce_idempotent" classname="kcl-lib" timestamp="2025-08-01T18:09:49.247-04:00" time="0.013">
        </testcase>
        <testcase name="execution::types::test::coerce_nested_array" classname="kcl-lib" timestamp="2025-08-01T18:09:49.250-04:00" time="0.012">
        </testcase>
        <testcase name="execution::types::test::coerce_record" classname="kcl-lib" timestamp="2025-08-01T18:09:49.259-04:00" time="0.007">
        </testcase>
        <testcase name="execution::types::test::coerce_none" classname="kcl-lib" timestamp="2025-08-01T18:09:49.258-04:00" time="0.009">
        </testcase>
        <testcase name="execution::types::test::coerce_numeric" classname="kcl-lib" timestamp="2025-08-01T18:09:49.259-04:00" time="0.010">
        </testcase>
        <testcase name="execution::tests::kcl_test_changing_a_setting_updates_the_cached_state" classname="kcl-lib" timestamp="2025-08-01T18:09:47.709-04:00" time="1.565">
        </testcase>
        <testcase name="execution::types::test::coerce_union" classname="kcl-lib" timestamp="2025-08-01T18:09:49.263-04:00" time="0.014">
        </testcase>
        <testcase name="fmt::tests::test_human_display_number" classname="kcl-lib" timestamp="2025-08-01T18:09:49.274-04:00" time="0.009">
        </testcase>
        <testcase name="fmt::tests::test_format_number_value" classname="kcl-lib" timestamp="2025-08-01T18:09:49.275-04:00" time="0.008">
        </testcase>
        <testcase name="fmt::tests::test_format_number_literal" classname="kcl-lib" timestamp="2025-08-01T18:09:49.274-04:00" time="0.010">
        </testcase>
        <testcase name="execution::types::test::bad_typed_arithmetic" classname="kcl-lib" timestamp="2025-08-01T18:09:49.223-04:00" time="0.074">
        </testcase>
        <testcase name="execution::types::test::cos_coercions" classname="kcl-lib" timestamp="2025-08-01T18:09:49.268-04:00" time="0.075">
        </testcase>
        <testcase name="execution::types::test::combine_numeric" classname="kcl-lib" timestamp="2025-08-01T18:09:49.267-04:00" time="0.087">
        </testcase>
        <testcase name="lint::checks::camel_case::tests::z0001_full_bad_object" classname="kcl-lib" timestamp="2025-08-01T18:09:49.286-04:00" time="0.078">
        </testcase>
        <testcase name="lint::checks::camel_case::tests::z0001_full_good" classname="kcl-lib" timestamp="2025-08-01T18:09:49.297-04:00" time="0.093">
        </testcase>
        <testcase name="lint::checks::camel_case::tests::z0001_const" classname="kcl-lib" timestamp="2025-08-01T18:09:49.280-04:00" time="0.141">
        </testcase>
        <testcase name="lint::checks::camel_case::tests::z0001_full_bad" classname="kcl-lib" timestamp="2025-08-01T18:09:49.284-04:00" time="0.145">
        </testcase>
        <testcase name="lint::checks::default_plane::tests::z0002_good_sketch_on" classname="kcl-lib" timestamp="2025-08-01T18:09:49.344-04:00" time="0.097">
        </testcase>
        <testcase name="lint::checks::default_plane::tests::z0002_offset_plane" classname="kcl-lib" timestamp="2025-08-01T18:09:49.366-04:00" time="0.080">
        </testcase>
        <testcase name="execution::tests::test_start_sketch_on_invalid_kwargs" classname="kcl-lib" timestamp="2025-08-01T18:09:49.100-04:00" time="0.357">
        </testcase>
        <testcase name="lint::checks::default_plane::tests::z0002_bad_sketch_on" classname="kcl-lib" timestamp="2025-08-01T18:09:49.297-04:00" time="0.162">
        </testcase>
        <testcase name="lint::rule::export_bindings_finding" classname="kcl-lib" timestamp="2025-08-01T18:09:49.458-04:00" time="0.019">
        </testcase>
        <testcase name="lsp::copilot::types::export_bindings_choices" classname="kcl-lib" timestamp="2025-08-01T18:09:49.462-04:00" time="0.019">
        </testcase>
        <testcase name="lsp::copilot::types::export_bindings_copilotacceptcompletionparams" classname="kcl-lib" timestamp="2025-08-01T18:09:49.468-04:00" time="0.017">
        </testcase>
        <testcase name="lint::rule::export_bindings_discovered" classname="kcl-lib" timestamp="2025-08-01T18:09:49.457-04:00" time="0.050">
        </testcase>
        <testcase name="lint::checks::offset_plane::tests::z0003_good_sketch_on" classname="kcl-lib" timestamp="2025-08-01T18:09:49.429-04:00" time="0.082">
        </testcase>
        <testcase name="lint::checks::offset_plane::tests::z0003_default_plane" classname="kcl-lib" timestamp="2025-08-01T18:09:49.422-04:00" time="0.090">
        </testcase>
        <testcase name="lint::checks::offset_plane::tests::z0003_bad_sketch_on" classname="kcl-lib" timestamp="2025-08-01T18:09:49.366-04:00" time="0.148">
        </testcase>
        <testcase name="lsp::copilot::types::export_bindings_copilotcyclingcompletion" classname="kcl-lib" timestamp="2025-08-01T18:09:49.488-04:00" time="0.051">
        </testcase>
        <testcase name="lsp::copilot::types::export_bindings_copilotposition" classname="kcl-lib" timestamp="2025-08-01T18:09:49.514-04:00" time="0.029">
        </testcase>
[...]
        </testcase>
        <testcase name="walk::ast_node::tests::check_ptr_eq" classname="kcl-lib" timestamp="2025-08-01T18:12:20.234-04:00" time="0.007">
        </testcase>
        <testcase name="walk::ast_visitor::tests::count_crows" classname="kcl-lib" timestamp="2025-08-01T18:12:20.235-04:00" time="0.006">
        </testcase>
        <testcase name="walk::ast_walk::tests::stop_walking" classname="kcl-lib" timestamp="2025-08-01T18:12:20.235-04:00" time="0.006">
        </testcase>
        <testcase name="std::shapes::export_bindings_sketchorsurface" classname="kcl-lib" timestamp="2025-08-01T18:12:19.421-04:00" time="0.974">
        </testcase>
        <testcase name="std::sketch::export_bindings_sketchdata" classname="kcl-lib" timestamp="2025-08-01T18:12:19.502-04:00" time="0.993">
        </testcase>
        <testcase name="std::sweep::export_bindings_sweeppath" classname="kcl-lib" timestamp="2025-08-01T18:12:19.591-04:00" time="0.957">
        </testcase>
        <testcase name="simulation_tests::subtract_with_pattern_cut_thru::kcl_test_execute" classname="kcl-lib" timestamp="2025-08-01T18:12:10.123-04:00" time="10.873">
        </testcase>
        <testcase name="simulation_tests::subtract_regression10::kcl_test_execute" classname="kcl-lib" timestamp="2025-08-01T18:12:06.745-04:00" time="19.954">
        </testcase>
    </testsuite>
    <testsuite name="kcl-lib::executor" tests="108" disabled="0" errors="0" failures="1">
        <testcase name="cache::kcl_test_cache_add_line_preserves_artifact_graph" classname="kcl-lib::executor" timestamp="2025-08-01T18:12:20.236-04:00" time="4.040">
        </testcase>
        <testcase name="cache::kcl_test_cache_add_offset_plane_computes_node_path" classname="kcl-lib::executor" timestamp="2025-08-01T18:12:20.242-04:00" time="4.097">
        </testcase>
        <testcase name="cache::kcl_test_cache_change_grid_visualizes_grid_on_to_off" classname="kcl-lib::executor" timestamp="2025-08-01T18:12:20.548-04:00" time="3.965">
        </testcase>
        <testcase name="cache::kcl_test_cache_change_grid_visualizes_grid_off_to_on" classname="kcl-lib::executor" timestamp="2025-08-01T18:12:20.396-04:00" time="4.224">
        </testcase>
        <testcase name="cache::kcl_test_cache_change_highlight_edges_changes_visual" classname="kcl-lib::executor" timestamp="2025-08-01T18:12:20.995-04:00" time="4.067">
        </testcase>
        <testcase name="cache::kcl_test_cache_empty_file_pop_cache_empty_file_planes_work" classname="kcl-lib::executor" timestamp="2025-08-01T18:12:24.276-04:00" time="1.597">
        </testcase>
        <testcase name="kcl_test_angled_line_of_x_length_270" classname="kcl-lib::executor" timestamp="2025-08-01T18:12:26.699-04:00" time="1.178">
        </testcase>
        <testcase name="cache::kcl_test_cache_multi_file_after_empty_with_export" classname="kcl-lib::executor" timestamp="2025-08-01T18:12:24.339-04:00" time="4.173">
        </testcase>
        <testcase name="cache::kcl_test_cache_multi_file_after_empty_with_woo" classname="kcl-lib::executor" timestamp="2025-08-01T18:12:24.513-04:00" time="4.318">
        </testcase>
        <testcase name="kcl_test_angled_line_of_x_length_90" classname="kcl-lib::executor" timestamp="2025-08-01T18:12:27.877-04:00" time="1.052">
        </testcase>
        <testcase name="cache::kcl_test_cache_multi_file_other_file_only_change" classname="kcl-lib::executor" timestamp="2025-08-01T18:12:24.620-04:00" time="4.613">
        </testcase>
        <testcase name="cache::kcl_test_cache_multi_file_same_code_dont_reexecute" classname="kcl-lib::executor" timestamp="2025-08-01T18:12:25.062-04:00" time="4.230">
        </testcase>
        <testcase name="kcl_test_angled_line_of_y_length_0" classname="kcl-lib::executor" timestamp="2025-08-01T18:12:28.513-04:00" time="1.121">
        </testcase>
        <testcase name="kcl_test_angled_line_of_y_length_180" classname="kcl-lib::executor" timestamp="2025-08-01T18:12:28.832-04:00" time="1.059">
        </testcase>
        <testcase name="kcl_test_angled_line_of_y_length_negative_180" classname="kcl-lib::executor" timestamp="2025-08-01T18:12:28.929-04:00" time="1.110">
        </testcase>
        <testcase name="cache::kcl_test_cache_multi_file_same_code_dont_reexecute_settings_only_change" classname="kcl-lib::executor" timestamp="2025-08-01T18:12:25.873-04:00" time="4.438">
        </testcase>
        <testcase name="kcl_test_angled_line_to_x_270" classname="kcl-lib::executor" timestamp="2025-08-01T18:12:29.234-04:00" time="1.118">
        </testcase>
        <testcase name="kcl_test_angled_line_to_x_90" classname="kcl-lib::executor" timestamp="2025-08-01T18:12:29.292-04:00" time="1.156">
        </testcase>
        <testcase name="kcl_test_angled_line_to_y_0" classname="kcl-lib::executor" timestamp="2025-08-01T18:12:29.634-04:00" time="1.065">
        </testcase>
        <testcase name="kcl_test_angled_line_to_y_180" classname="kcl-lib::executor" timestamp="2025-08-01T18:12:29.892-04:00" time="1.138">
        </testcase>
        <testcase name="kcl_test_arc_error_same_start_end" classname="kcl-lib::executor" timestamp="2025-08-01T18:12:30.039-04:00" time="1.161">
        </testcase>
        <testcase name="kcl_test_better_type_names" classname="kcl-lib::executor" timestamp="2025-08-01T18:12:30.699-04:00" time="1.023">
        </testcase>
        <testcase name="kcl_test_bracket_with_fillets" classname="kcl-lib::executor" timestamp="2025-08-01T18:12:31.029-04:00" time="1.522">
        </testcase>
        <testcase name="kcl_test_basic_tangential_arc_with_point" classname="kcl-lib::executor" timestamp="2025-08-01T18:12:30.448-04:00" time="2.434">
        </testcase>
        <testcase name="kcl_test_basic_tangential_arc_to" classname="kcl-lib::executor" timestamp="2025-08-01T18:12:30.352-04:00" time="2.574">
        </testcase>
        <testcase name="kcl_test_array_of_sketches" classname="kcl-lib::executor" timestamp="2025-08-01T18:12:30.311-04:00" time="2.629">
        </testcase>
        <testcase name="kcl_test_chamfers_referencing_other_chamfers" classname="kcl-lib::executor" timestamp="2025-08-01T18:12:31.201-04:00" time="3.074">
        </testcase>
        <testcase name="kcl_test_circular_pattern3d_array_of_extrudes" classname="kcl-lib::executor" timestamp="2025-08-01T18:12:31.722-04:00" time="2.617">
        </testcase>
        <testcase name="kcl_test_circular_pattern3d_chamfered_sketch" classname="kcl-lib::executor" timestamp="2025-08-01T18:12:32.552-04:00" time="2.615">
        </testcase>
        <testcase name="kcl_test_close_arc" classname="kcl-lib::executor" timestamp="2025-08-01T18:12:32.927-04:00" time="2.331">
        </testcase>
        <testcase name="kcl_test_circular_pattern3d_filleted_sketch" classname="kcl-lib::executor" timestamp="2025-08-01T18:12:32.883-04:00" time="2.425">
        </testcase>
        <testcase name="kcl_test_cube_cm" classname="kcl-lib::executor" timestamp="2025-08-01T18:12:32.940-04:00" time="2.551">
        </testcase>
        <testcase name="kcl_test_cube_in" classname="kcl-lib::executor" timestamp="2025-08-01T18:12:34.339-04:00" time="2.713">
        </testcase>
        <testcase name="kcl_test_cube_ft" classname="kcl-lib::executor" timestamp="2025-08-01T18:12:34.274-04:00" time="2.845">
        </testcase>
        <testcase name="kcl_test_cube_m" classname="kcl-lib::executor" timestamp="2025-08-01T18:12:35.167-04:00" time="2.394">
        </testcase>
        <testcase name="kcl_test_cube_yd" classname="kcl-lib::executor" timestamp="2025-08-01T18:12:35.308-04:00" time="2.411">
        </testcase>
        <testcase name="kcl_test_cube_mm" classname="kcl-lib::executor" timestamp="2025-08-01T18:12:35.257-04:00" time="2.481">
        </testcase>
        <testcase name="kcl_test_duplicate_tags_should_error" classname="kcl-lib::executor" timestamp="2025-08-01T18:12:37.119-04:00" time="1.247">
        </testcase>
        <testcase name="kcl_test_ensure_nothing_left_in_batch_single_file" classname="kcl-lib::executor" timestamp="2025-08-01T18:12:37.739-04:00" time="1.091">
        </testcase>
        <testcase name="kcl_test_empty_file_is_ok" classname="kcl-lib::executor" timestamp="2025-08-01T18:12:37.561-04:00" time="1.308">
        </testcase>
        <testcase name="kcl_test_ensure_nothing_left_in_batch_multi_file" classname="kcl-lib::executor" timestamp="2025-08-01T18:12:37.719-04:00" time="1.336">
        </testcase>
        <testcase name="kcl_test_error_no_auth_websocket" classname="kcl-lib::executor" timestamp="2025-08-01T18:12:38.869-04:00" time="0.369">
        </testcase>
        <testcase name="kcl_test_dimensions_match" classname="kcl-lib::executor" timestamp="2025-08-01T18:12:37.052-04:00" time="2.451">
        </testcase>
        <testcase name="kcl_test_error_empty_start_sketch_on_string" classname="kcl-lib::executor" timestamp="2025-08-01T18:12:38.367-04:00" time="1.161">
        </testcase>
        <testcase name="kcl_test_error_inside_fn_also_has_source_range_of_call_site" classname="kcl-lib::executor" timestamp="2025-08-01T18:12:38.829-04:00" time="1.104">
        </testcase>
        <testcase name="kcl_test_error_sketch_on_arc_face" classname="kcl-lib::executor" timestamp="2025-08-01T18:12:39.055-04:00" time="1.209">
        </testcase>
        <testcase name="kcl_test_error_user_function_wrong_args" classname="kcl-lib::executor" timestamp="2025-08-01T18:12:39.239-04:00" time="1.280">
        </testcase>
        <testcase name="kcl_test_exporting_step_file" classname="kcl-lib::executor" timestamp="2025-08-01T18:12:40.263-04:00" time="1.259">
        </testcase>
        <testcase name="kcl_test_execute_cylinder" classname="kcl-lib::executor" timestamp="2025-08-01T18:12:39.503-04:00" time="2.579">
        </testcase>
        <testcase name="kcl_test_execute_lsystem" classname="kcl-lib::executor" timestamp="2025-08-01T18:12:39.933-04:00" time="2.418">
        </testcase>
        <testcase name="kcl_test_execute_kittycad_svg" classname="kcl-lib::executor" timestamp="2025-08-01T18:12:39.528-04:00" time="2.925">
        </testcase>
        <testcase name="kcl_test_extrude_custom_plane" classname="kcl-lib::executor" timestamp="2025-08-01T18:12:40.519-04:00" time="2.474">
        </testcase>
        <testcase name="kcl_test_extrude_inside_fn_with_tags" classname="kcl-lib::executor" timestamp="2025-08-01T18:12:41.522-04:00" time="2.577">
        </testcase>
        <testcase name="kcl_test_helix_defaults" classname="kcl-lib::executor" timestamp="2025-08-01T18:12:42.453-04:00" time="2.426">
        </testcase>
        <testcase name="kcl_test_fillets_referencing_other_fillets" classname="kcl-lib::executor" timestamp="2025-08-01T18:12:42.082-04:00" time="3.255">
        </testcase>
        <testcase name="kcl_test_helix_defaults_negative_extrude" classname="kcl-lib::executor" timestamp="2025-08-01T18:12:42.993-04:00" time="2.378">
        </testcase>
        <testcase name="kcl_test_import_file_doesnt_exist" classname="kcl-lib::executor" timestamp="2025-08-01T18:12:45.371-04:00" time="0.378">
        </testcase>
        <testcase name="kcl_test_import_ext_doesnt_match" classname="kcl-lib::executor" timestamp="2025-08-01T18:12:45.337-04:00" time="0.461">
        </testcase>
        <testcase name="kcl_test_global_tags" classname="kcl-lib::executor" timestamp="2025-08-01T18:12:42.352-04:00" time="3.465">
        </testcase>
        <testcase name="kcl_test_helix_with_length" classname="kcl-lib::executor" timestamp="2025-08-01T18:12:44.099-04:00" time="2.325">
        </testcase>
        <testcase name="kcl_test_holes" classname="kcl-lib::executor" timestamp="2025-08-01T18:12:44.879-04:00" time="2.463">
        </testcase>
        <testcase name="kcl_test_import_glb" classname="kcl-lib::executor" timestamp="2025-08-01T18:12:45.750-04:00" time="2.325">
        </testcase>
        <testcase name="kcl_test_import_glb_no_assign" classname="kcl-lib::executor" timestamp="2025-08-01T18:12:45.798-04:00" time="2.348">
        </testcase>
        <testcase name="kcl_test_import_gltf_embedded" classname="kcl-lib::executor" timestamp="2025-08-01T18:12:45.817-04:00" time="2.486">
        </testcase>
        <testcase name="kcl_test_import_gltf_with_bin" classname="kcl-lib::executor" timestamp="2025-08-01T18:12:46.425-04:00" time="2.299">
        </testcase>
        <testcase name="kcl_test_import_obj_with_mtl" classname="kcl-lib::executor" timestamp="2025-08-01T18:12:47.343-04:00" time="2.394">
        </testcase>
        <testcase name="kcl_test_import_obj_with_mtl_units" classname="kcl-lib::executor" timestamp="2025-08-01T18:12:48.075-04:00" time="2.317">
        </testcase>
        <testcase name="kcl_test_import_stl" classname="kcl-lib::executor" timestamp="2025-08-01T18:12:48.147-04:00" time="2.331">
        </testcase>
        <testcase name="kcl_test_linear_pattern3d_filleted_sketch" classname="kcl-lib::executor" timestamp="2025-08-01T18:12:48.302-04:00" time="2.581">
        </testcase>
        <testcase name="kcl_test_lots_of_planes" classname="kcl-lib::executor" timestamp="2025-08-01T18:12:48.724-04:00" time="2.394">
        </testcase>
        <testcase name="kcl_test_member_expression_in_params" classname="kcl-lib::executor" timestamp="2025-08-01T18:12:49.737-04:00" time="2.382">
        </testcase>
        <testcase name="kcl_test_member_expression_sketch" classname="kcl-lib::executor" timestamp="2025-08-01T18:12:50.392-04:00" time="2.344">
        </testcase>
        <testcase name="kcl_test_negative_args" classname="kcl-lib::executor" timestamp="2025-08-01T18:12:50.478-04:00" time="2.542">
        </testcase>
        <testcase name="kcl_test_order_sketch_extrude_in_order" classname="kcl-lib::executor" timestamp="2025-08-01T18:12:50.883-04:00" time="2.398">
        </testcase>
        <testcase name="kcl_test_order_sketch_extrude_out_of_order" classname="kcl-lib::executor" timestamp="2025-08-01T18:12:51.118-04:00" time="2.410">
        </testcase>
        <testcase name="kcl_test_patterns_circular_3d_tilted_axis" classname="kcl-lib::executor" timestamp="2025-08-01T18:12:52.736-04:00" time="2.552">
        </testcase>
        <testcase name="kcl_test_pattern_vase" classname="kcl-lib::executor" timestamp="2025-08-01T18:12:52.119-04:00" time="3.402">
        </testcase>
        <testcase name="kcl_test_patterns_circular_basic_3d" classname="kcl-lib::executor" timestamp="2025-08-01T18:12:53.282-04:00" time="2.667">
        </testcase>
        <testcase name="kcl_test_patterns_circular_basic_2d" classname="kcl-lib::executor" timestamp="2025-08-01T18:12:53.020-04:00" time="3.160">
        </testcase>
        <testcase name="kcl_test_patterns_linear_basic" classname="kcl-lib::executor" timestamp="2025-08-01T18:12:53.528-04:00" time="3.019">
        </testcase>
        <testcase name="kcl_test_patterns_linear_basic_3d" classname="kcl-lib::executor" timestamp="2025-08-01T18:12:55.288-04:00" time="2.514">
        </testcase>
        <testcase name="kcl_test_patterns_linear_basic_holes" classname="kcl-lib::executor" timestamp="2025-08-01T18:12:55.522-04:00" time="2.624">
        </testcase>
        <testcase name="kcl_test_patterns_linear_basic_negative_axis" classname="kcl-lib::executor" timestamp="2025-08-01T18:12:55.949-04:00" time="3.158">
        </testcase>
        <testcase name="kcl_test_revolve_bad_angle_high" classname="kcl-lib::executor" timestamp="2025-08-01T18:12:58.146-04:00" time="1.273">
        </testcase>
        <testcase name="kcl_test_patterns_linear_basic_negative_distance" classname="kcl-lib::executor" timestamp="2025-08-01T18:12:56.180-04:00" time="3.538">
        </testcase>
        <testcase name="kcl_test_patterns_linear_basic_with_math" classname="kcl-lib::executor" timestamp="2025-08-01T18:12:56.547-04:00" time="3.455">
        </testcase>
        <testcase name="kcl_test_revolve_bad_angle_low" classname="kcl-lib::executor" timestamp="2025-08-01T18:12:59.107-04:00" time="1.191">
        </testcase>
        <testcase name="kcl_test_plumbus_fillets" classname="kcl-lib::executor" timestamp="2025-08-01T18:12:57.802-04:00" time="2.999">
        </testcase>
        <testcase name="kcl_test_revolve_on_edge" classname="kcl-lib::executor" timestamp="2025-08-01T18:12:59.419-04:00" time="2.516">
        </testcase>
        <testcase name="kcl_test_revolve_on_face" classname="kcl-lib::executor" timestamp="2025-08-01T18:12:59.718-04:00" time="2.429">
        </testcase>
        <testcase name="kcl_test_revolve_on_face_circle" classname="kcl-lib::executor" timestamp="2025-08-01T18:13:00.003-04:00" time="2.589">
        </testcase>
        <testcase name="kcl_test_revolve_on_face_circle_edge" classname="kcl-lib::executor" timestamp="2025-08-01T18:13:00.299-04:00" time="2.609">
        </testcase>
        <testcase name="kcl_test_rounded_with_holes" classname="kcl-lib::executor" timestamp="2025-08-01T18:13:00.802-04:00" time="2.419">
        </testcase>
        <testcase name="kcl_test_scoped_tags" classname="kcl-lib::executor" timestamp="2025-08-01T18:13:01.935-04:00" time="2.412">
        </testcase>
        <testcase name="kcl_test_shell_with_tag" classname="kcl-lib::executor" timestamp="2025-08-01T18:13:02.147-04:00" time="2.428">
        </testcase>
        <testcase name="kcl_test_simple_revolve" classname="kcl-lib::executor" timestamp="2025-08-01T18:13:02.592-04:00" time="2.680">
        </testcase>
        <testcase name="kcl_test_simple_revolve_custom_angle" classname="kcl-lib::executor" timestamp="2025-08-01T18:13:02.908-04:00" time="2.429">
        </testcase>
        <testcase name="kcl_test_simple_revolve_custom_axis" classname="kcl-lib::executor" timestamp="2025-08-01T18:13:03.221-04:00" time="2.427">
        </testcase>
        <testcase name="kcl_test_simple_revolve_negative" classname="kcl-lib::executor" timestamp="2025-08-01T18:13:04.347-04:00" time="2.644">
        </testcase>
        <testcase name="kcl_test_simple_revolve_sketch_on_edge" classname="kcl-lib::executor" timestamp="2025-08-01T18:13:04.575-04:00" time="2.470">
        </testcase>
        <testcase name="kcl_test_simple_revolve_uppercase" classname="kcl-lib::executor" timestamp="2025-08-01T18:13:05.272-04:00" time="2.404">
        </testcase>
        <testcase name="kcl_test_sketch_on_face_circle" classname="kcl-lib::executor" timestamp="2025-08-01T18:13:05.337-04:00" time="2.429">
        </testcase>
        <testcase name="kcl_test_stdlib_kcl_error_right_code_path" classname="kcl-lib::executor" timestamp="2025-08-01T18:13:06.992-04:00" time="1.134">
        </testcase>
        <testcase name="kcl_test_tag_chamfer_with_more_than_one_edge_should_fail" classname="kcl-lib::executor" timestamp="2025-08-01T18:13:07.046-04:00" time="1.133">
        </testcase>
        <testcase name="kcl_test_sketch_on_face_of_face" classname="kcl-lib::executor" timestamp="2025-08-01T18:13:05.648-04:00" time="2.670">
        </testcase>
        <testcase name="optional_params" classname="kcl-lib::executor" timestamp="2025-08-01T18:13:07.766-04:00" time="2.292">
        </testcase>
        <testcase name="kcl_test_top_level_expression" classname="kcl-lib::executor" timestamp="2025-08-01T18:13:07.677-04:00" time="2.419">
        </testcase>
        <testcase name="kcl_test_different_planes_same_drawing" classname="kcl-lib::executor" timestamp="2025-08-01T18:12:35.491-04:00" time="280.004">
            <failure type="test timeout"/>
            <system-out>
running 1 test
test kcl_test_different_planes_same_drawing has been running for over 60 seconds
</system-out>
            <system-err></system-err>
        </testcase>
    </testsuite>
    <testsuite name="kcl-to-core::kcl_to_core_test" tests="1" disabled="0" errors="0" failures="0">
        <testcase name="kcl_to_core_test" classname="kcl-to-core::kcl_to_core_test" timestamp="2025-08-01T18:13:07.766-04:00" time="0.110">
        </testcase>
    </testsuite>
</testsuites>
