<?xml version="1.0" encoding="UTF-8"?>
<testsuites name="nextest-run" tests="274" failures="0" errors="0" uuid="2ead2c4b-8bcb-4440-90a5-233c17573b45" timestamp="2025-05-10T21:52:29.999+00:00" time="127.664">
    <testsuite name="kcl-derive-docs" tests="3" disabled="0" errors="0" failures="0">
        <testcase name="tests::test_get_inner_array_type" classname="kcl-derive-docs" timestamp="2025-05-10T21:52:30.000+00:00" time="0.007">
        </testcase>
        <testcase name="tests::test_stdlib_fail_non_camel_case" classname="kcl-derive-docs" timestamp="2025-05-10T21:52:30.000+00:00" time="0.007">
        </testcase>
        <testcase name="tests::test_stdlib_return_vec_sketch" classname="kcl-derive-docs" timestamp="2025-05-10T21:52:30.000+00:00" time="0.057">
        </testcase>
    </testsuite>
    <testsuite name="kcl-lib" tests="252" disabled="0" errors="0" failures="0">
        <testcase name="docs::tests::get_autocomplete_snippet_subtract" classname="kcl-lib" timestamp="2025-05-10T21:52:30.000+00:00" time="0.009">
        </testcase>
        <testcase name="execution::id_generator::tests::test_id_generator_unique" classname="kcl-lib" timestamp="2025-05-10T21:52:30.000+00:00" time="0.008">
        </testcase>
        <testcase name="execution::memory::test::snap_env2" classname="kcl-lib" timestamp="2025-05-10T21:52:30.000+00:00" time="0.008">
        </testcase>
        <testcase name="execution::memory::test::multiple_snapshot" classname="kcl-lib" timestamp="2025-05-10T21:52:30.000+00:00" time="0.009">
        </testcase>
        <testcase name="errors::export_bindings_severity" classname="kcl-lib" timestamp="2025-05-10T21:52:30.000+00:00" time="0.011">
        </testcase>
        <testcase name="cache::kcl_test_cache_change_highlight_edges_changes_visual" classname="kcl-lib::executor" timestamp="2025-05-10T21:54:03.352+00:00" time="5.847">
        </testcase>
        <testcase name="kcl_test_basic_tangential_arc_to" classname="kcl-lib::executor" timestamp="2025-05-10T21:54:08.261+00:00" time="3.063">
        </testcase>
        <testcase name="kcl_test_circular_pattern3d_chamfered_sketch" classname="kcl-lib::executor" timestamp="2025-05-10T21:54:09.199+00:00" time="3.790">
        </testcase>
        <testcase name="kcl_test_duplicate_tags_should_error" classname="kcl-lib::executor" timestamp="2025-05-10T21:54:12.989+00:00" time="1.337">
        </testcase>
        <testcase name="kcl_test_cube_m" classname="kcl-lib::executor" timestamp="2025-05-10T21:54:11.323+00:00" time="3.597">
        </testcase>
        <testcase name="kcl_test_error_inside_fn_also_has_source_range_of_call_site_recursive" classname="kcl-lib::executor" timestamp="2025-05-10T21:54:14.326+00:00" time="1.175">
        </testcase>
        <testcase name="kcl_test_extrude_inside_fn_with_tags" classname="kcl-lib::executor" timestamp="2025-05-10T21:54:15.501+00:00" time="4.510">
        </testcase>
        <testcase name="kcl_test_execute_i_shape" classname="kcl-lib::executor" timestamp="2025-05-10T21:54:14.921+00:00" time="6.914">
        </testcase>
        <testcase name="kcl_test_helix_with_length" classname="kcl-lib::executor" timestamp="2025-05-10T21:54:20.010+00:00" time="3.486">
        </testcase>
        <testcase name="kcl_test_import_gltf_embedded" classname="kcl-lib::executor" timestamp="2025-05-10T21:54:21.834+00:00" time="2.752">
        </testcase>
        <testcase name="kcl_test_lots_of_planes" classname="kcl-lib::executor" timestamp="2025-05-10T21:54:23.496+00:00" time="4.166">
        </testcase>
        <testcase name="kcl_test_pattern_vase" classname="kcl-lib::executor" timestamp="2025-05-10T21:54:24.587+00:00" time="4.613">
        </testcase>
        <testcase name="kcl_test_revolve_bad_angle_low" classname="kcl-lib::executor" timestamp="2025-05-10T21:54:29.200+00:00" time="1.646">
        </testcase>
        <testcase name="kcl_test_patterns_linear_basic_holes" classname="kcl-lib::executor" timestamp="2025-05-10T21:54:27.662+00:00" time="4.984">
        </testcase>
        <testcase name="kcl_test_rounded_with_holes" classname="kcl-lib::executor" timestamp="2025-05-10T21:54:30.847+00:00" time="5.027">
        </testcase>
        <testcase name="kcl_test_simple_revolve_negative" classname="kcl-lib::executor" timestamp="2025-05-10T21:54:32.647+00:00" time="4.062">
        </testcase>
        <testcase name="kcl_test_tag_chamfer_with_more_than_one_edge_should_fail" classname="kcl-lib::executor" timestamp="2025-05-10T21:54:35.874+00:00" time="1.789">
        </testcase>
    </testsuite>
</testsuites>
